
Step 1: check config existence and modify config so that url can be processed unchecked

Step 2: Eliminate all missing pages

In total, there are 7 complete pages and 0 missing pages
{'exist': ['history/teacher', 'history/parent', 'add/parent', 'setting/setting', 'add/choose-reviewer/index', 'add/signature/index', 'share/index'], 'miss': []}
{'exist': [], 'miss': ['answer-result/answer-result', 'review-agent/review-agent', 'picturebook/study-step/study-step', 'contentbook/contentbook']}
unable to find subPackage pages/answer/. reducing from app.json
{'exist': ['zuoye/zuoye', 'daka/daka', 'tongzhi/tongzhi', 'zuoye-parent/zuoye-parent', 'dayin/dayin', 'daka-parent/daka-parent', 'score/score', 'score-parent/score-parent', 'task-content/task-content', 'task-content-base/task-content-base', 'task-content-submit/task-content-submit', 'tianbiao/tianbiao', 'jielong/jielong', 'baoming/baoming', 'autograph/autograph', 'yiqing-single/yiqing-single', 'yiqing-multi/yiqing-multi', 'toupiao/toupiao', 'infocheck-parent/infocheck-parent', 'infocheck/infocheck', 'baoming-parent/baoming-parent', 'toupiao-parent/toupiao-parent', 'extra-reading/extra-reading', 'zuoye-smart/zuoye-smart', 'zuoye-smart2/zuoye-smart2', 'zuoye-smart-parent/zuoye-smart-parent', 'zuoye-smart2-parent/zuoye-smart2-parent', 'answer-result-statistics/answer-result-statistics', 'daka-smart/daka-smart', 'daka-smart-parent/daka-smart-parent', 'daka-smart-submit/daka-smart-submit', 'safe-edu/safe-edu', 'safe-edu-remind-success/safe-edu-remind-success', 'safe-edu-parent/safe-edu-parent', 'extra-reading-parent/extra-reading-parent', 'qingnian/qingnian', 'qingnian-parent/qingnian-parent', 'daka-tasks/daka-tasks', 'inspect-feedback/inspect-feedback', 'whitecheck/whitecheck'], 'miss': ['tongzhi-parent/tongzhi-parent', 'tianbiao-parent/tianbiao-parent', 'autograph-parent/autograph-parent', 'sk-zuoye-parent/sk-zuoye-parent', 'jielong-parent/jielong-parent']}
{'exist': [], 'miss': ['themetask-result/themetask-result', 'themetask-parent/themetask-parent', 'themetask/themetask', 'maintask-edit/maintask-edit', 'publish-success/publish-success', 'accept-detail/accept-detail', 'smart-class-result/smart-class-result']}
unable to find subPackage pages/details2/. reducing from app.json
{'exist': ['smart-scene/smart-scene', 'tongzhi/tongzhi', 'zuoye/zuoye', 'zuoye/subjects/subjects', 'zuoye/zuoye-answer/zuoye-answer', 'daka/daka', 'daka/daka-period/daka-period', 'tongji/tongji', 'tongji/tongji-associate/tongji-associate', 'jielong/jielong', 'daka-smart/daka-smart', 'safe-edu/safe-edu', 'baoming/baoming', 'toupiao/toupiao', 'autograph/autograph', 'extra-reading/extra-reading', 'yiqing-report/yiqing-report', 'qingnian/qingnian', 'publish-preview/index', 'score/score', 'score2/score', 'score2/select-class/select-class', 'score2/select-way/select-way', 'score2/preview-setting/preview', 'score2/formula-setting/formula', 'score2/rank-setting/rank', 'score2/input-setting/input', 'score2/pc-guide/pc-guide', 'contentization/daka-task/daka-task', 'publish-guidePage/index', 'zuowen/zuowen', 'zuowen/units', 'zuowen/detail'], 'miss': []}
{'exist': [], 'miss': ['main/main', 'themetask/themetask', 'select-book/select-book', 'search-book/search-book', 'selectTaskVersion/selectTaskVersion', 'smart-themetask/smart-themetask']}
unable to find subPackage pages/contentization/publish/. reducing from app.json
{'exist': ['export-excel/export-excel', 'unusual-guide/index', 'upload/upload', 'setting/setting', 'success/success', 'preview/preview', 'error/error', 'rank/rank', 'view/view', 'score-analysis/index/index', 'score-analysis/choose/choose', 'score-analysis/subject/subject', 'score-analysis/column/column', 'score-analysis/compare/compare', 'score-analysis/example/example', 'score-analysis/preview-score/preview-score', 'score-analysis/analysis-detail/index', 'score-analysis/detail/detail'], 'miss': []}
{'exist': [], 'miss': []}
unable to find subPackage common/. reducing from app.json
{'exist': ['pages/index/index', 'pages/roles/list', 'pages/roles/create', 'pages/index/components/classes/freeze', 'pages/test/test', 'pages/gray-list/gray-list'], 'miss': []}
subPackage pages/main/ page pages/index/index already in pages
{'exist': [], 'miss': ['camera']}
unable to find subPackage pages/common/camera/. reducing from app.json
{'exist': [], 'miss': ['index']}
unable to find subPackage pages/common/discover/list/. reducing from app.json
{'exist': [], 'miss': ['show-image']}
unable to find subPackage pages/common/show-image/. reducing from app.json
{'exist': [], 'miss': ['appin']}
unable to find subPackage example/appin/. reducing from app.json
{'exist': [], 'miss': ['index']}
unable to find subPackage pages/common/network/. reducing from app.json
{'exist': ['index', 'views/album/class-album/detail', 'views/album/class-album/pic-detail', 'views/album/create-class-album/index', 'views/album/upload-class-album/index', 'views/album/upload-face-photo/index', 'views/album/upload-face-photo/take-face-photo/index', 'views/album/upload-face-photo/complete-upload-facephoto/index', 'views/album/upload-class-album/complete-upload/index', 'views/disk/folder/share', 'views/disk/folder/parent', 'views/disk/resource-center/index', 'views/disk/resource-center/sharein', 'views/disk/resource-center/success', 'views/disk/upload/upload'], 'miss': []}
{'exist': [], 'miss': ['index', 'album/create', 'album/choose', 'album/detail', 'folder/share', 'folder/parent', 'resource-center/index', 'resource-center/sharein', 'resource-center/success']}
unable to find subPackage pages/common/cloud/. reducing from app.json
{'exist': [], 'miss': ['index', 'class-album/detail', 'class-album/pic-detail', 'create-class-album/index', 'upload-class-album/index', 'upload-face-photo/index', 'upload-face-photo/take-face-photo/index', 'upload-face-photo/complete-upload-facephoto/index', 'upload-class-album/complete-upload/index']}
unable to find subPackage pages/common/grow-album/. reducing from app.json
{'exist': [], 'miss': ['index']}
unable to find subPackage pages/common/massage-file/. reducing from app.json
{'exist': [], 'miss': ['index']}
unable to find subPackage pages/common/unfeedback-remind/. reducing from app.json
{'exist': [], 'miss': ['audio']}
unable to find subPackage pages/common/player/. reducing from app.json
{'exist': [], 'miss': ['detail', 'comment']}
unable to find subPackage pages/common/article/. reducing from app.json
{'exist': [], 'miss': ['index', 'coursePick/index', 'courseList/index', 'courseMan/index']}
unable to find subPackage pages/common/courseExplanation/. reducing from app.json
{'exist': [], 'miss': ['index']}
unable to find subPackage pages/common/level/. reducing from app.json
{'exist': [], 'miss': ['index']}
unable to find subPackage pages/common/daka-rank/. reducing from app.json
{'exist': ['index/index'], 'miss': []}
{'exist': ['uploader', 'local-choose', 'uploader-webview', 'uploader-qqdoc', 'export-excel/export-excel'], 'miss': []}
{'exist': [], 'miss': ['index']}
unable to find subPackage pages/common/wait-check/. reducing from app.json
{'exist': [], 'miss': ['index']}
unable to find subPackage pages/common/check-join/. reducing from app.json
{'exist': [], 'miss': ['verify-code']}
unable to find subPackage pages/common/verify-code/. reducing from app.json
{'exist': [], 'miss': ['index']}
unable to find subPackage pages/common/rest-password/. reducing from app.json
{'exist': ['edit4c/edit4c', 'edit4c/snum', 'edit4c/set_location', 'setting/index'], 'miss': []}
{'exist': ['chat-input/chat-input', 'chat-list/chat-list', 'chat/chat', 'chat-member/chat-member', 'letter-member/index', 'detail/detail'], 'miss': []}
{'exist': ['bind/bind', 'search', 'bind', 'school', 'poster'], 'miss': []}
{'exist': [], 'miss': ['exit']}
unable to find subPackage pages/common/exit/. reducing from app.json
{'exist': ['index/index', 'total/total'], 'miss': []}
{'exist': ['index/index', 'funcFlow/index'], 'miss': []}
{'exist': [], 'miss': ['index']}
unable to find subPackage pages/common/introduction/. reducing from app.json
{'exist': [], 'miss': ['location']}
unable to find subPackage example/parentonly/location/. reducing from app.json
{'exist': [], 'miss': ['notify/notify']}
unable to find subPackage example/parentonly/info/. reducing from app.json
{'exist': [], 'miss': ['index']}
unable to find subPackage example/parentonly/pay/. reducing from app.json
{'exist': [], 'miss': ['mydaka']}
unable to find subPackage example/parentonly/mydaka/. reducing from app.json
{'exist': [], 'miss': ['dropboxfile']}
unable to find subPackage example/parentonly/dropboxfile/. reducing from app.json
{'exist': [], 'miss': ['feedback']}
unable to find subPackage example/parentonly/feedback/. reducing from app.json
{'exist': [], 'miss': ['muitl']}
unable to find subPackage example/common/muitl/. reducing from app.json
{'exist': [], 'miss': ['video']}
unable to find subPackage example/common/video/. reducing from app.json
{'exist': [], 'miss': ['index', 'send_coupon/view/coupon', 'coupon/index']}
unable to find subPackage example/common/kuliang/. reducing from app.json
{'exist': ['webview'], 'miss': []}
{'exist': [], 'miss': ['systemmsg/index', 'rate/rate', 'like/like']}
unable to find subPackage example/common/msgs/. reducing from app.json
{'exist': ['main/main', 'sharecode/sharecode', 'list/list', 'fill_info/index', 'exchange_info/index', 'address/index'], 'miss': ['__plugin__/wx6885acbedba59c14/pages/index/index', '__plugin__/wx6885acbedba59c14/pages/companyList/companyList']}
{'exist': ['new', 'index', 'choose', 'add-auth/index'], 'miss': []}
{'exist': [], 'miss': ['index']}
unable to find subPackage pages/teacher/common/safeEduAuth/. reducing from app.json
{'exist': ['index'], 'miss': []}
{'exist': ['index', 'zhangmen/index', 'gaotu/index', 'live/index', 'live/focus', 'live/index1', 'book-rank/index', 'yundayin/index', 'xhyy/index', 'ydy/index', 'wandou1/index', 'hetao/index', 'youdaobowen/index', 'gzh/index', 'gzhmore/index', 'ad/index', 'paper/index/index', 'paper/preview/index', 'ydy/webview/index', 'ydy/pay/index', 'ydy/success/index', 'ydy/detail/index', 'ydy/upload/index', 'ydy/orders/index', 'focus/index'], 'miss': []}
{'exist': [], 'miss': ['index']}
unable to find subPackage pages/teacher/fun-land-page/. reducing from app.json
{'exist': [], 'miss': ['index', 'preview', 'download', 'success', 'jump', 'share', 'export-new/index', 'export-history/index']}
unable to find subPackage pages/teacher/common/export/. reducing from app.json
{'exist': [], 'miss': ['delete']}
unable to find subPackage pages/teacher/notify-manage/. reducing from app.json
{'exist': ['index', 'statistics/remark-member', 'statistics/student', 'statistics/class', 'remarks/edit/index', 'remarks/index', 'growth/growth', 'growth/rank', 'log-rank/log-rank', 'log-rank/shared', 'text-comment/text-comment', 'remarks/shared/shared'], 'miss': []}
{'exist': [], 'miss': ['login']}
unable to find subPackage example/login/. reducing from app.json
{'exist': [], 'miss': ['index']}
unable to find subPackage pages/teacher/notifyShare/. reducing from app.json
{'exist': [], 'miss': ['index', 'parent/feedetail', 'teacher/updatePay/index', 'teacher/feedetail', 'choose-members/index', 'diff-members/index', 'teacher/editPay/index', 'parent/otherStudentFeeInfo/index', 'teacher/feeItemMembers/index', 'teacher/feeItemPreview/index', 'search/search', 'parent/feeSuccess/index']}
unable to find subPackage example/publish/fee/. reducing from app.json
{'exist': ['smart/index', 'dakadetail/dakadetail', 'dakacordbyday/dakacordbyday', 'dakafeedback/dakafeedback', 'mydaka/mydaka', 'zuoyedetail/zuoyedetail', 'zuoyedetail2/zuoyedetail', 'zuoyecordbyid/zuoyecordbyid', 'feedback/feedback', 'feedback2/index', 'success/index', 'dakadetail2/daka-stage-task/index', 'tongzhidetail/tongzhidetail', 'autographdetail/autographdetail', 'tongzhidetail/signature', 'classmate/index', 'editfeedback/index', 'dakadetail2/dakadetail', 'score2.0/index', 'daka-content/extra-reading/exam/index', 'daka-content/extra-reading/read-daka/index', 'info-check/index', 'info-check/edit/index', 'apply/apply', 'vote/vote', 'daka-content/index/index', 'daka-content/extra-reading/exam2/index', 'daka-content/extra-reading/read-daka2/index', 'daka-content/extra-reading/classmates_feedbacks/index', 'submit-detail/index', 'focus/index', 'daka-content/extra-reading/faillog/index', 'success-new/index', 'success/points-shop/index', 'success_new2/success_new2', 'success/points-shop/success'], 'miss': []}
{'exist': ['index'], 'miss': []}
{'exist': [], 'miss': ['index']}
unable to find subPackage pages/common/textbook/. reducing from app.json
{'exist': [], 'miss': ['scorestudent/scorestudent', 'scoreteacher/scoreteacher', 'scorean/scorean', 'scorean4teacher/scorean4teacher', 'scorestudentdetail/scorestudentdetail', 'scoreall/all']}
unable to find subPackage example/common/score/. reducing from app.json
{'exist': ['teachershow/ai/ai', 'teachershow/ai/result', 'cousetime/cousetime', 'teachershow/ai/edit'], 'miss': []}
{'exist': ['index', 'dakaindex', 'examdiversion/examdiversion', 'examindex', 'examitem', 'edit/index', 'share/index', 'dateseletor/dateseletor', 'qns/add/add', 'qns/edit/edit', 'qns/itemcreate/itemcreate', 'qns/templet/templet', 'dakaqns/add/add', 'dakaqns/edit/edit', 'dakaqns/itemcreate/itemcreate', 'dakaqns/templet/templet', 'pubfromgroup/grouplist/grouplist', 'pubfromgroup/choosemember/choosemember', 'pubfromgroup/choosestudent/choosestudent', 'pubfromgroup/choosestaff/choosestaff', 'classify/classify', 'postquiz/postquiz', 'research/index', 'share2/index'], 'miss': []}
{'exist': ['edit4t/index', 'setting/index', 'settingdetail/index'], 'miss': []}
{'exist': [], 'miss': ['configclass/index', 'sharerqcode/sharerqcode', 'invite/invite', 'invite/success']}
unable to find subPackage example/teacheronly/class/. reducing from app.json
{'exist': [], 'miss': ['painting2/painting2', 'painting2/painting3', 'pigai/pigai', 'datikainfo/datikainfo', 'datistudentlist/datistudentlist', 'examreadonly/examreadonly', 'notify/notify', 'link/link']}
unable to find subPackage example/teacheronly/info/. reducing from app.json
{'exist': ['toolindexc/toolindexc', 'calculation/calculation', 'calculation/camera/camera', 'calculation/result/result', 'calculation/evaluation/evaluation', 'calculation/help/help'], 'miss': []}
{'exist': [], 'miss': ['exam/exam', 'exam/examdetail', 'exam/datika', 'notify/notify', 'qns/answerdetail/answerdetail', 'calendar/calendar/calendar', 'calendar/calendar2/calendar2', 'dakarank/dakarank', 'infoshare/infoshare']}
unable to find subPackage example/common/info/. reducing from app.json
{'exist': ['index/index', 'ocr_generalocr/ocr_generalocr'], 'miss': []}
{'exist': ['index/index', 'ocr_trans/ocr_trans'], 'miss': []}
{'exist': ['notes/index', 'focus/index', 'transfer/transfer', 'setting/setting', 'roster/index/index', 'roster/check/check', 'roster/detail/detail', 'roster/result/result', 'member/index', 'authed/index', 'authed/add/index', 'snum/index', 'manage/index', 'index/index', 'uploadEx/index', 'clear/index', 'setting4school/index'], 'miss': []}
{'exist': [], 'miss': ['join/join', 'verify/verify']}
unable to find subPackage pages/parent/joinClass/. reducing from app.json
{'exist': [], 'miss': ['index/index', 'info/info', 'setting/setting']}
unable to find subPackage pages/parent/classManage/. reducing from app.json
{'exist': [], 'miss': ['daily/daily']}
unable to find subPackage pages/teacher/report/. reducing from app.json
{'exist': [], 'miss': ['qnsdetail/qnsdetail', 'dianping/index', 'dakadetail/dakadetail', 'dakadetail2/show-task/index', 'dakadetail2/dakadetail', 'zuoyedetail/zuoyedetail', 'msg-detail/index', 'zuoyedetail2.0/zuoyedetail', 'search/index', 'zuoyedetail2.0/answer', 'apply/apply', 'vote/vote', 'daka-content/index', 'daka-content/extra_reading_detail/index', 'team-stat/index', 'safeedudetail/index', 'shipudetail/index']}
unable to find subPackage pages/teacher/task/. reducing from app.json
{'exist': ['autograph', 'tongzhi', 'tongji', 'zuoye', 'daka', 'daka2.0/daka', 'daka-smart/index', 'datika3.0/index', 'datika3.0/level/index', 'share', 'zuoye-answer/index', 'zuoye-new-roster/index', 'reward/reward', 'reward/styles/index', 'reward/download/index', 'subject', 'dakalist/index', 'sports/index', 'listen-read/edit', 'listen-read/ai-question', 'listen-read/ai-zuoye', 'listen-read/ai-preview', 'listen-read/edit-zh', 'listen-read/custom', 'listen-read/custom-en', 'listen-read/custom-zh', 'listen-read/custom-word', 'listen-read/custom-paragraph', 'listen-read/select-paragraph', 'listen-read/select-ai-paragraph', 'choose-practice/practice', 'kousuan/index', 'common/units/index', 'common/sort-files/index', 'common/authorize-class/index', 'telephone/index', 'choose-members/index/index', 'choose-members/from-group/from-group', 'choose-members/search/search', 'extra-reading/publish/index', 'daka-poetry/select-section/index', 'daka-poetry/select-unit/index', 'daka-poetry/select-poem/index', 'daka-poetry/daka-preview/index', 'fee/index/index', 'jielong/search/index', 'jielong/create/index', 'search/index', 'info-check/index', 'info-check/excel/excel_parse', 'info-check/excel/excel_check', 'info-check/excel/excel_deal', 'info-check/teacher/index', 'info-check/preview/index', 'info-check/success', 'apply/index', 'vote/index', 'scenes/index', 'choose-scenes/index', 'choose-center/index', 'temp-center/index', 'temp-history/index', 'publish-preview/index', 'shipu/index', 'draft/index', 'daka-poetry/select-unit/selector/index', 'reward/list/index', 'reward/index', 'reward/styles', 'listen-read/edit-select/ai-edit/ai-edit', 'listen-read/edit-select/edit/edit'], 'miss': []}
{'exist': [], 'miss': ['score/excel_parse', 'score/excel_error', 'score/excel_check', 'score/excel_deal']}
unable to find subPackage pages/teacher/excel/. reducing from app.json
{'exist': [], 'miss': ['choose-book/index', 'preview/index', 'task_list/index']}
unable to find subPackage pages/teacher/extra-reading/. reducing from app.json
{'exist': [], 'miss': ['task-detail/index', 'publish/select-teacher/index', 'publish/select-student/index', 'setting/index', 'setting/location', 'setting/upgrade', 'setting/auth', 'setting/manage', 'join/index', 'label/label-list/index', 'label/manage/index', 'label/set-label/index', 'label/add-member/index', 'label/select-group/index', 'label/group-detail/index']}
unable to find subPackage pages/school-manager/. reducing from app.json
{'exist': [], 'miss': ['pushin/index']}
unable to find subPackage pages/school/. reducing from app.json
{'exist': [], 'miss': ['index']}
unable to find subPackage pages/common/guide-card/. reducing from app.json
{'exist': ['detail', 'front', 'index', 'invite', 'school', 'success', 'success2'], 'miss': []}
{'exist': [], 'miss': ['detail', 'index', 'number', 'loc', 'success']}
unable to find subPackage pages/common/create-school/. reducing from app.json
{'exist': [], 'miss': ['create', 'front', 'join', 'index', 'info', 'success']}
unable to find subPackage pages/common/join-school/. reducing from app.json
{'exist': ['index/index', 'rosters/index', 'rosters/example', 'rosters/result', 'rosters/upload', 'namelist/namelist', 'comment/comment', 'comment/generate', 'record/record', 'preview/preview', 'download/download', 'search/index'], 'miss': []}
{'exist': [], 'miss': ['word-spelling', 'word-follow-read', 'reading-follow-read', 'paragraph-follow-read', 'read-follow-read', 'paragraph-recite', 'reading-dictate', 'word-dictate', 'read-recite', 'report', 'statistical', 'statistical-detail', 'score-feedback']}
unable to find subPackage pages/common/listen-read/. reducing from app.json
{'exist': [], 'miss': ['aisports/index/index']}
unable to find subPackage pages/tfpages/. reducing from app.json
{'exist': ['class-count'], 'miss': []}
{'exist': [], 'miss': ['correct1']}
unable to find subPackage pages/teacher/correct/. reducing from app.json
{'exist': ['class-count-info'], 'miss': []}
{'exist': ['deep-link'], 'miss': []}
{'exist': [], 'miss': ['index', 'guide']}
unable to find subPackage pages/common/preview/. reducing from app.json
{'exist': [], 'miss': ['index']}
unable to find subPackage pages/common/location/. reducing from app.json
{'exist': [], 'miss': ['index']}
unable to find subPackage pages/common/satisfaction-survey/. reducing from app.json
{'exist': ['sorter/sorter', 'autograph/autograph', 'day-poster/day-poster', 'edit-score/edit-score', 'score-history/score-history', 'preview-score/preview-score', 'version/version', 'whitecheck/whitecheck', 'animresult/animresult', 'fee/diff-members/index', 'batch-import/batch-import'], 'miss': []}
{'exist': ['index/index'], 'miss': []}
{'exist': [], 'miss': ['center/index', 'preview/index']}
unable to find subPackage pages/teacher/resource-center/. reducing from app.json
there are a total of 100 subPackages, of which 64 do not have corresponding files, and 36 has

Step 3: Check all inclusion of plugins in js scripts

checking for pattern re.compile('requirePlugin("sendCoupon")')
checking for pattern re.compile('requirePlugin("kdPlugin")')
checking for pattern re.compile('requirePlugin("tfjsPlugin")')

Step 1: check config existence and modify config so that url can be processed unchecked

Step 2: Eliminate all missing pages

In total, there are 7 complete pages and 0 missing pages
{'exist': ['history/teacher', 'history/parent', 'add/parent', 'setting/setting', 'add/choose-reviewer/index', 'add/signature/index', 'share/index'], 'miss': []}
{'exist': [], 'miss': ['answer-result/answer-result', 'review-agent/review-agent', 'picturebook/study-step/study-step', 'contentbook/contentbook']}
unable to find subPackage pages/answer/. reducing from app.json
{'exist': ['zuoye/zuoye', 'daka/daka', 'tongzhi/tongzhi', 'zuoye-parent/zuoye-parent', 'dayin/dayin', 'daka-parent/daka-parent', 'score/score', 'score-parent/score-parent', 'task-content/task-content', 'task-content-base/task-content-base', 'task-content-submit/task-content-submit', 'tianbiao/tianbiao', 'jielong/jielong', 'baoming/baoming', 'autograph/autograph', 'yiqing-single/yiqing-single', 'yiqing-multi/yiqing-multi', 'toupiao/toupiao', 'infocheck-parent/infocheck-parent', 'infocheck/infocheck', 'baoming-parent/baoming-parent', 'toupiao-parent/toupiao-parent', 'extra-reading/extra-reading', 'zuoye-smart/zuoye-smart', 'zuoye-smart2/zuoye-smart2', 'zuoye-smart-parent/zuoye-smart-parent', 'zuoye-smart2-parent/zuoye-smart2-parent', 'answer-result-statistics/answer-result-statistics', 'daka-smart/daka-smart', 'daka-smart-parent/daka-smart-parent', 'daka-smart-submit/daka-smart-submit', 'safe-edu/safe-edu', 'safe-edu-remind-success/safe-edu-remind-success', 'safe-edu-parent/safe-edu-parent', 'extra-reading-parent/extra-reading-parent', 'qingnian/qingnian', 'qingnian-parent/qingnian-parent', 'daka-tasks/daka-tasks', 'inspect-feedback/inspect-feedback', 'whitecheck/whitecheck'], 'miss': ['tongzhi-parent/tongzhi-parent', 'tianbiao-parent/tianbiao-parent', 'autograph-parent/autograph-parent', 'sk-zuoye-parent/sk-zuoye-parent', 'jielong-parent/jielong-parent']}
{'exist': [], 'miss': ['themetask-result/themetask-result', 'themetask-parent/themetask-parent', 'themetask/themetask', 'maintask-edit/maintask-edit', 'publish-success/publish-success', 'accept-detail/accept-detail', 'smart-class-result/smart-class-result']}
unable to find subPackage pages/details2/. reducing from app.json
{'exist': ['smart-scene/smart-scene', 'tongzhi/tongzhi', 'zuoye/zuoye', 'zuoye/subjects/subjects', 'zuoye/zuoye-answer/zuoye-answer', 'daka/daka', 'daka/daka-period/daka-period', 'tongji/tongji', 'tongji/tongji-associate/tongji-associate', 'jielong/jielong', 'daka-smart/daka-smart', 'safe-edu/safe-edu', 'baoming/baoming', 'toupiao/toupiao', 'autograph/autograph', 'extra-reading/extra-reading', 'yiqing-report/yiqing-report', 'qingnian/qingnian', 'publish-preview/index', 'score/score', 'score2/score', 'score2/select-class/select-class', 'score2/select-way/select-way', 'score2/preview-setting/preview', 'score2/formula-setting/formula', 'score2/rank-setting/rank', 'score2/input-setting/input', 'score2/pc-guide/pc-guide', 'contentization/daka-task/daka-task', 'publish-guidePage/index', 'zuowen/zuowen', 'zuowen/units', 'zuowen/detail'], 'miss': []}
{'exist': [], 'miss': ['main/main', 'themetask/themetask', 'select-book/select-book', 'search-book/search-book', 'selectTaskVersion/selectTaskVersion', 'smart-themetask/smart-themetask']}
unable to find subPackage pages/contentization/publish/. reducing from app.json
{'exist': ['export-excel/export-excel', 'unusual-guide/index', 'upload/upload', 'setting/setting', 'success/success', 'preview/preview', 'error/error', 'rank/rank', 'view/view', 'score-analysis/index/index', 'score-analysis/choose/choose', 'score-analysis/subject/subject', 'score-analysis/column/column', 'score-analysis/compare/compare', 'score-analysis/example/example', 'score-analysis/preview-score/preview-score', 'score-analysis/analysis-detail/index', 'score-analysis/detail/detail'], 'miss': []}
{'exist': [], 'miss': []}
unable to find subPackage common/. reducing from app.json
{'exist': ['pages/index/index', 'pages/roles/list', 'pages/roles/create', 'pages/index/components/classes/freeze', 'pages/test/test', 'pages/gray-list/gray-list'], 'miss': []}
subPackage pages/main/ page pages/index/index already in pages
{'exist': [], 'miss': ['camera']}
unable to find subPackage pages/common/camera/. reducing from app.json
{'exist': [], 'miss': ['index']}
unable to find subPackage pages/common/discover/list/. reducing from app.json
{'exist': [], 'miss': ['show-image']}
unable to find subPackage pages/common/show-image/. reducing from app.json
{'exist': [], 'miss': ['appin']}
unable to find subPackage example/appin/. reducing from app.json
{'exist': [], 'miss': ['index']}
unable to find subPackage pages/common/network/. reducing from app.json
{'exist': ['index', 'views/album/class-album/detail', 'views/album/class-album/pic-detail', 'views/album/create-class-album/index', 'views/album/upload-class-album/index', 'views/album/upload-face-photo/index', 'views/album/upload-face-photo/take-face-photo/index', 'views/album/upload-face-photo/complete-upload-facephoto/index', 'views/album/upload-class-album/complete-upload/index', 'views/disk/folder/share', 'views/disk/folder/parent', 'views/disk/resource-center/index', 'views/disk/resource-center/sharein', 'views/disk/resource-center/success', 'views/disk/upload/upload'], 'miss': []}
{'exist': [], 'miss': ['index', 'album/create', 'album/choose', 'album/detail', 'folder/share', 'folder/parent', 'resource-center/index', 'resource-center/sharein', 'resource-center/success']}
unable to find subPackage pages/common/cloud/. reducing from app.json
{'exist': [], 'miss': ['index', 'class-album/detail', 'class-album/pic-detail', 'create-class-album/index', 'upload-class-album/index', 'upload-face-photo/index', 'upload-face-photo/take-face-photo/index', 'upload-face-photo/complete-upload-facephoto/index', 'upload-class-album/complete-upload/index']}
unable to find subPackage pages/common/grow-album/. reducing from app.json
{'exist': [], 'miss': ['index']}
unable to find subPackage pages/common/massage-file/. reducing from app.json
{'exist': [], 'miss': ['index']}
unable to find subPackage pages/common/unfeedback-remind/. reducing from app.json
{'exist': [], 'miss': ['audio']}
unable to find subPackage pages/common/player/. reducing from app.json
{'exist': [], 'miss': ['detail', 'comment']}
unable to find subPackage pages/common/article/. reducing from app.json
{'exist': [], 'miss': ['index', 'coursePick/index', 'courseList/index', 'courseMan/index']}
unable to find subPackage pages/common/courseExplanation/. reducing from app.json
{'exist': [], 'miss': ['index']}
unable to find subPackage pages/common/level/. reducing from app.json
{'exist': [], 'miss': ['index']}
unable to find subPackage pages/common/daka-rank/. reducing from app.json
{'exist': ['index/index'], 'miss': []}
{'exist': ['uploader', 'local-choose', 'uploader-webview', 'uploader-qqdoc', 'export-excel/export-excel'], 'miss': []}
{'exist': [], 'miss': ['index']}
unable to find subPackage pages/common/wait-check/. reducing from app.json
{'exist': [], 'miss': ['index']}
unable to find subPackage pages/common/check-join/. reducing from app.json
{'exist': [], 'miss': ['verify-code']}
unable to find subPackage pages/common/verify-code/. reducing from app.json
{'exist': [], 'miss': ['index']}
unable to find subPackage pages/common/rest-password/. reducing from app.json
{'exist': ['edit4c/edit4c', 'edit4c/snum', 'edit4c/set_location', 'setting/index'], 'miss': []}
{'exist': ['chat-input/chat-input', 'chat-list/chat-list', 'chat/chat', 'chat-member/chat-member', 'letter-member/index', 'detail/detail'], 'miss': []}
{'exist': ['bind/bind', 'search', 'bind', 'school', 'poster'], 'miss': []}
{'exist': [], 'miss': ['exit']}
unable to find subPackage pages/common/exit/. reducing from app.json
{'exist': ['index/index', 'total/total'], 'miss': []}
{'exist': ['index/index', 'funcFlow/index'], 'miss': []}
{'exist': [], 'miss': ['index']}
unable to find subPackage pages/common/introduction/. reducing from app.json
{'exist': [], 'miss': ['location']}
unable to find subPackage example/parentonly/location/. reducing from app.json
{'exist': [], 'miss': ['notify/notify']}
unable to find subPackage example/parentonly/info/. reducing from app.json
{'exist': [], 'miss': ['index']}
unable to find subPackage example/parentonly/pay/. reducing from app.json
{'exist': [], 'miss': ['mydaka']}
unable to find subPackage example/parentonly/mydaka/. reducing from app.json
{'exist': [], 'miss': ['dropboxfile']}
unable to find subPackage example/parentonly/dropboxfile/. reducing from app.json
{'exist': [], 'miss': ['feedback']}
unable to find subPackage example/parentonly/feedback/. reducing from app.json
{'exist': [], 'miss': ['muitl']}
unable to find subPackage example/common/muitl/. reducing from app.json
{'exist': [], 'miss': ['video']}
unable to find subPackage example/common/video/. reducing from app.json
{'exist': [], 'miss': ['index', 'send_coupon/view/coupon', 'coupon/index']}
unable to find subPackage example/common/kuliang/. reducing from app.json
{'exist': ['webview'], 'miss': []}
{'exist': [], 'miss': ['systemmsg/index', 'rate/rate', 'like/like']}
unable to find subPackage example/common/msgs/. reducing from app.json
{'exist': ['main/main', 'sharecode/sharecode', 'list/list', 'fill_info/index', 'exchange_info/index', 'address/index'], 'miss': ['__plugin__/wx6885acbedba59c14/pages/index/index', '__plugin__/wx6885acbedba59c14/pages/companyList/companyList']}
{'exist': ['new', 'index', 'choose', 'add-auth/index'], 'miss': []}
{'exist': [], 'miss': ['index']}
unable to find subPackage pages/teacher/common/safeEduAuth/. reducing from app.json
{'exist': ['index'], 'miss': []}
{'exist': ['index', 'zhangmen/index', 'gaotu/index', 'live/index', 'live/focus', 'live/index1', 'book-rank/index', 'yundayin/index', 'xhyy/index', 'ydy/index', 'wandou1/index', 'hetao/index', 'youdaobowen/index', 'gzh/index', 'gzhmore/index', 'ad/index', 'paper/index/index', 'paper/preview/index', 'ydy/webview/index', 'ydy/pay/index', 'ydy/success/index', 'ydy/detail/index', 'ydy/upload/index', 'ydy/orders/index', 'focus/index'], 'miss': []}
{'exist': [], 'miss': ['index']}
unable to find subPackage pages/teacher/fun-land-page/. reducing from app.json
{'exist': [], 'miss': ['index', 'preview', 'download', 'success', 'jump', 'share', 'export-new/index', 'export-history/index']}
unable to find subPackage pages/teacher/common/export/. reducing from app.json
{'exist': [], 'miss': ['delete']}
unable to find subPackage pages/teacher/notify-manage/. reducing from app.json
{'exist': ['index', 'statistics/remark-member', 'statistics/student', 'statistics/class', 'remarks/edit/index', 'remarks/index', 'growth/growth', 'growth/rank', 'log-rank/log-rank', 'log-rank/shared', 'text-comment/text-comment', 'remarks/shared/shared'], 'miss': []}
{'exist': [], 'miss': ['login']}
unable to find subPackage example/login/. reducing from app.json
{'exist': [], 'miss': ['index']}
unable to find subPackage pages/teacher/notifyShare/. reducing from app.json
{'exist': [], 'miss': ['index', 'parent/feedetail', 'teacher/updatePay/index', 'teacher/feedetail', 'choose-members/index', 'diff-members/index', 'teacher/editPay/index', 'parent/otherStudentFeeInfo/index', 'teacher/feeItemMembers/index', 'teacher/feeItemPreview/index', 'search/search', 'parent/feeSuccess/index']}
unable to find subPackage example/publish/fee/. reducing from app.json
{'exist': ['smart/index', 'dakadetail/dakadetail', 'dakacordbyday/dakacordbyday', 'dakafeedback/dakafeedback', 'mydaka/mydaka', 'zuoyedetail/zuoyedetail', 'zuoyedetail2/zuoyedetail', 'zuoyecordbyid/zuoyecordbyid', 'feedback/feedback', 'feedback2/index', 'success/index', 'dakadetail2/daka-stage-task/index', 'tongzhidetail/tongzhidetail', 'autographdetail/autographdetail', 'tongzhidetail/signature', 'classmate/index', 'editfeedback/index', 'dakadetail2/dakadetail', 'score2.0/index', 'daka-content/extra-reading/exam/index', 'daka-content/extra-reading/read-daka/index', 'info-check/index', 'info-check/edit/index', 'apply/apply', 'vote/vote', 'daka-content/index/index', 'daka-content/extra-reading/exam2/index', 'daka-content/extra-reading/read-daka2/index', 'daka-content/extra-reading/classmates_feedbacks/index', 'submit-detail/index', 'focus/index', 'daka-content/extra-reading/faillog/index', 'success-new/index', 'success/points-shop/index', 'success_new2/success_new2', 'success/points-shop/success'], 'miss': []}
{'exist': ['index'], 'miss': []}
{'exist': [], 'miss': ['index']}
unable to find subPackage pages/common/textbook/. reducing from app.json
{'exist': [], 'miss': ['scorestudent/scorestudent', 'scoreteacher/scoreteacher', 'scorean/scorean', 'scorean4teacher/scorean4teacher', 'scorestudentdetail/scorestudentdetail', 'scoreall/all']}
unable to find subPackage example/common/score/. reducing from app.json
{'exist': ['teachershow/ai/ai', 'teachershow/ai/result', 'cousetime/cousetime', 'teachershow/ai/edit'], 'miss': []}
{'exist': ['index', 'dakaindex', 'examdiversion/examdiversion', 'examindex', 'examitem', 'edit/index', 'share/index', 'dateseletor/dateseletor', 'qns/add/add', 'qns/edit/edit', 'qns/itemcreate/itemcreate', 'qns/templet/templet', 'dakaqns/add/add', 'dakaqns/edit/edit', 'dakaqns/itemcreate/itemcreate', 'dakaqns/templet/templet', 'pubfromgroup/grouplist/grouplist', 'pubfromgroup/choosemember/choosemember', 'pubfromgroup/choosestudent/choosestudent', 'pubfromgroup/choosestaff/choosestaff', 'classify/classify', 'postquiz/postquiz', 'research/index', 'share2/index'], 'miss': []}
{'exist': ['edit4t/index', 'setting/index', 'settingdetail/index'], 'miss': []}
{'exist': [], 'miss': ['configclass/index', 'sharerqcode/sharerqcode', 'invite/invite', 'invite/success']}
unable to find subPackage example/teacheronly/class/. reducing from app.json
{'exist': [], 'miss': ['painting2/painting2', 'painting2/painting3', 'pigai/pigai', 'datikainfo/datikainfo', 'datistudentlist/datistudentlist', 'examreadonly/examreadonly', 'notify/notify', 'link/link']}
unable to find subPackage example/teacheronly/info/. reducing from app.json
{'exist': ['toolindexc/toolindexc', 'calculation/calculation', 'calculation/camera/camera', 'calculation/result/result', 'calculation/evaluation/evaluation', 'calculation/help/help'], 'miss': []}
{'exist': [], 'miss': ['exam/exam', 'exam/examdetail', 'exam/datika', 'notify/notify', 'qns/answerdetail/answerdetail', 'calendar/calendar/calendar', 'calendar/calendar2/calendar2', 'dakarank/dakarank', 'infoshare/infoshare']}
unable to find subPackage example/common/info/. reducing from app.json
{'exist': ['index/index', 'ocr_generalocr/ocr_generalocr'], 'miss': []}
{'exist': ['index/index', 'ocr_trans/ocr_trans'], 'miss': []}
{'exist': ['notes/index', 'focus/index', 'transfer/transfer', 'setting/setting', 'roster/index/index', 'roster/check/check', 'roster/detail/detail', 'roster/result/result', 'member/index', 'authed/index', 'authed/add/index', 'snum/index', 'manage/index', 'index/index', 'uploadEx/index', 'clear/index', 'setting4school/index'], 'miss': []}
{'exist': [], 'miss': ['join/join', 'verify/verify']}
unable to find subPackage pages/parent/joinClass/. reducing from app.json
{'exist': [], 'miss': ['index/index', 'info/info', 'setting/setting']}
unable to find subPackage pages/parent/classManage/. reducing from app.json
{'exist': [], 'miss': ['daily/daily']}
unable to find subPackage pages/teacher/report/. reducing from app.json
{'exist': [], 'miss': ['qnsdetail/qnsdetail', 'dianping/index', 'dakadetail/dakadetail', 'dakadetail2/show-task/index', 'dakadetail2/dakadetail', 'zuoyedetail/zuoyedetail', 'msg-detail/index', 'zuoyedetail2.0/zuoyedetail', 'search/index', 'zuoyedetail2.0/answer', 'apply/apply', 'vote/vote', 'daka-content/index', 'daka-content/extra_reading_detail/index', 'team-stat/index', 'safeedudetail/index', 'shipudetail/index']}
unable to find subPackage pages/teacher/task/. reducing from app.json
{'exist': ['autograph', 'tongzhi', 'tongji', 'zuoye', 'daka', 'daka2.0/daka', 'daka-smart/index', 'datika3.0/index', 'datika3.0/level/index', 'share', 'zuoye-answer/index', 'zuoye-new-roster/index', 'reward/reward', 'reward/styles/index', 'reward/download/index', 'subject', 'dakalist/index', 'sports/index', 'listen-read/edit', 'listen-read/ai-question', 'listen-read/ai-zuoye', 'listen-read/ai-preview', 'listen-read/edit-zh', 'listen-read/custom', 'listen-read/custom-en', 'listen-read/custom-zh', 'listen-read/custom-word', 'listen-read/custom-paragraph', 'listen-read/select-paragraph', 'listen-read/select-ai-paragraph', 'choose-practice/practice', 'kousuan/index', 'common/units/index', 'common/sort-files/index', 'common/authorize-class/index', 'telephone/index', 'choose-members/index/index', 'choose-members/from-group/from-group', 'choose-members/search/search', 'extra-reading/publish/index', 'daka-poetry/select-section/index', 'daka-poetry/select-unit/index', 'daka-poetry/select-poem/index', 'daka-poetry/daka-preview/index', 'fee/index/index', 'jielong/search/index', 'jielong/create/index', 'search/index', 'info-check/index', 'info-check/excel/excel_parse', 'info-check/excel/excel_check', 'info-check/excel/excel_deal', 'info-check/teacher/index', 'info-check/preview/index', 'info-check/success', 'apply/index', 'vote/index', 'scenes/index', 'choose-scenes/index', 'choose-center/index', 'temp-center/index', 'temp-history/index', 'publish-preview/index', 'shipu/index', 'draft/index', 'daka-poetry/select-unit/selector/index', 'reward/list/index', 'reward/index', 'reward/styles', 'listen-read/edit-select/ai-edit/ai-edit', 'listen-read/edit-select/edit/edit'], 'miss': []}
{'exist': [], 'miss': ['score/excel_parse', 'score/excel_error', 'score/excel_check', 'score/excel_deal']}
unable to find subPackage pages/teacher/excel/. reducing from app.json
{'exist': [], 'miss': ['choose-book/index', 'preview/index', 'task_list/index']}
unable to find subPackage pages/teacher/extra-reading/. reducing from app.json
{'exist': [], 'miss': ['task-detail/index', 'publish/select-teacher/index', 'publish/select-student/index', 'setting/index', 'setting/location', 'setting/upgrade', 'setting/auth', 'setting/manage', 'join/index', 'label/label-list/index', 'label/manage/index', 'label/set-label/index', 'label/add-member/index', 'label/select-group/index', 'label/group-detail/index']}
unable to find subPackage pages/school-manager/. reducing from app.json
{'exist': [], 'miss': ['pushin/index']}
unable to find subPackage pages/school/. reducing from app.json
{'exist': [], 'miss': ['index']}
unable to find subPackage pages/common/guide-card/. reducing from app.json
{'exist': ['detail', 'front', 'index', 'invite', 'school', 'success', 'success2'], 'miss': []}
{'exist': [], 'miss': ['detail', 'index', 'number', 'loc', 'success']}
unable to find subPackage pages/common/create-school/. reducing from app.json
{'exist': [], 'miss': ['create', 'front', 'join', 'index', 'info', 'success']}
unable to find subPackage pages/common/join-school/. reducing from app.json
{'exist': ['index/index', 'rosters/index', 'rosters/example', 'rosters/result', 'rosters/upload', 'namelist/namelist', 'comment/comment', 'comment/generate', 'record/record', 'preview/preview', 'download/download', 'search/index'], 'miss': []}
{'exist': [], 'miss': ['word-spelling', 'word-follow-read', 'reading-follow-read', 'paragraph-follow-read', 'read-follow-read', 'paragraph-recite', 'reading-dictate', 'word-dictate', 'read-recite', 'report', 'statistical', 'statistical-detail', 'score-feedback']}
unable to find subPackage pages/common/listen-read/. reducing from app.json
{'exist': [], 'miss': ['aisports/index/index']}
unable to find subPackage pages/tfpages/. reducing from app.json
{'exist': ['class-count'], 'miss': []}
{'exist': [], 'miss': ['correct1']}
unable to find subPackage pages/teacher/correct/. reducing from app.json
{'exist': ['class-count-info'], 'miss': []}
{'exist': ['deep-link'], 'miss': []}
{'exist': [], 'miss': ['index', 'guide']}
unable to find subPackage pages/common/preview/. reducing from app.json
{'exist': [], 'miss': ['index']}
unable to find subPackage pages/common/location/. reducing from app.json
{'exist': [], 'miss': ['index']}
unable to find subPackage pages/common/satisfaction-survey/. reducing from app.json
{'exist': ['sorter/sorter', 'autograph/autograph', 'day-poster/day-poster', 'edit-score/edit-score', 'score-history/score-history', 'preview-score/preview-score', 'version/version', 'whitecheck/whitecheck', 'animresult/animresult', 'fee/diff-members/index', 'batch-import/batch-import'], 'miss': []}
{'exist': ['index/index'], 'miss': []}
{'exist': [], 'miss': ['center/index', 'preview/index']}
unable to find subPackage pages/teacher/resource-center/. reducing from app.json
there are a total of 100 subPackages, of which 64 do not have corresponding files, and 36 has

Step 3: Check all inclusion of plugins in js scripts

checking for pattern re.compile('requirePlugin("sendCoupon")')
checking for pattern re.compile('requirePlugin("kdPlugin")')
checking for pattern re.compile('requirePlugin("tfjsPlugin")')
