2024-10-25 10:52:16,889 - INFO - directory path  NOT in components
2024-10-25 10:52:16,890 - INFO - directory path \.vscode NOT in components
2024-10-25 10:52:16,891 - INFO - directory path \@babel NOT in components
2024-10-25 10:52:16,892 - INFO - directory path \@babel\runtime NOT in components
2024-10-25 10:52:16,893 - INFO - directory path \@babel\runtime\helpers NOT in components
2024-10-25 10:52:16,893 - INFO - directory path \activity NOT in components
2024-10-25 10:52:16,894 - INFO - directory path \activity\blessing NOT in components
2024-10-25 10:52:16,908 - INFO - directory path \activity\blessing\sendBless NOT in components
2024-10-25 10:52:16,909 - INFO - directory path \activity\blessing\wordList NOT in components
2024-10-25 10:52:16,909 - INFO - directory path \activity\couponShare NOT in components
2024-10-25 10:52:16,910 - INFO - directory path \activity\discount NOT in components
2024-10-25 10:52:16,911 - INFO - directory path \activity\fissionActivity NOT in components
2024-10-25 10:52:16,912 - INFO - directory path \activity\fissionActivity\awardList NOT in components
2024-10-25 10:52:16,912 - INFO - directory path \activity\fissionActivity\friendsHelp NOT in components
2024-10-25 10:52:16,913 - INFO - directory path \activity\hpjy NOT in components
2024-10-25 10:52:16,913 - INFO - directory path \activity\hpjy\coupon NOT in components
2024-10-25 10:52:16,914 - INFO - directory path \activity\hpjy\home NOT in components
2024-10-25 10:52:16,915 - INFO - directory path \activity\memberTask NOT in components
2024-10-25 10:52:16,916 - INFO - directory path \activity\memberTask\editReward NOT in components
2024-10-25 10:52:16,918 - INFO - directory path \activity\memberTask\lottery NOT in components
2024-10-25 10:52:16,919 - INFO - directory path \activity\memberTask\lottPublish NOT in components
2024-10-25 10:52:16,921 - INFO - directory path \activity\memberTask\questionnaire NOT in components
2024-10-25 10:52:16,923 - INFO - directory path \activity\memberTask\rewardList NOT in components
2024-10-25 10:52:16,924 - INFO - directory path \activity\memberTask\task NOT in components
2024-10-25 10:52:16,926 - INFO - directory path \activity\memberTask\taskVote NOT in components
2024-10-25 10:52:16,927 - INFO - directory path \activity\memberTask\taskVoteList NOT in components
2024-10-25 10:52:16,928 - INFO - directory path \activity\zibo NOT in components
2024-10-25 10:52:16,929 - INFO - directory path \activity\zibo\home NOT in components
2024-10-25 10:52:16,930 - INFO - directory path \api NOT in components
2024-10-25 10:52:16,931 - INFO - directory path \check NOT in components
2024-10-25 10:52:16,932 - INFO - directory path \check\abnormal NOT in components
2024-10-25 10:52:16,933 - INFO - directory path \check\abnormalSuccess NOT in components
2024-10-25 10:52:16,934 - INFO - directory path \check\addKinship NOT in components
2024-10-25 10:52:16,935 - INFO - directory path \check\addLabel NOT in components
2024-10-25 10:52:16,937 - INFO - directory path \check\addWaybill NOT in components
2024-10-25 10:52:16,938 - INFO - directory path \check\appointDelivery NOT in components
2024-10-25 10:52:16,938 - INFO - directory path \check\appointDelivery\components is in components
2024-10-25 10:52:16,939 - INFO - directory path \check\appointDelivery\components\popupInfo is in components
2024-10-25 10:52:16,940 - INFO - directory path \check\appointDelivery\components\popupTime is in components
2024-10-25 10:52:16,941 - INFO - directory path \check\cancelOrder NOT in components
2024-10-25 10:52:16,942 - INFO - directory path \check\common NOT in components
2024-10-25 10:52:16,942 - INFO - directory path \check\components is in components
2024-10-25 10:52:16,943 - INFO - directory path \check\components\agentShop is in components
2024-10-25 10:52:16,944 - INFO - directory path \check\components\bindSuccessModal is in components
2024-10-25 10:52:16,945 - INFO - directory path \check\components\channelLive is in components
2024-10-25 10:52:16,946 - INFO - directory path \check\components\courierBasicInfo is in components
2024-10-25 10:52:16,948 - INFO - directory path \check\components\enterprise is in components
2024-10-25 10:52:16,949 - INFO - directory path \check\components\forwardDetail is in components
2024-10-25 10:52:16,950 - INFO - directory path \check\components\intercept is in components
2024-10-25 10:52:16,952 - INFO - directory path \check\components\logisticAviation is in components
2024-10-25 10:52:16,953 - INFO - directory path \check\components\logisticBtnList is in components
2024-10-25 10:52:16,955 - INFO - directory path \check\components\logisticCard is in components
2024-10-25 10:52:16,956 - INFO - directory path \check\components\logisticInformation is in components
2024-10-25 10:52:16,956 - INFO - directory path \check\components\logisticLoading is in components
2024-10-25 10:52:16,957 - INFO - directory path \check\components\logisticMap is in components
2024-10-25 10:52:16,959 - INFO - directory path \check\components\logisticStatus is in components
2024-10-25 10:52:16,960 - INFO - directory path \check\components\noticeBar is in components
2024-10-25 10:52:16,961 - INFO - directory path \check\components\popupWindowPhone is in components
2024-10-25 10:52:16,962 - INFO - directory path \check\components\sceneSurvey is in components
2024-10-25 10:52:16,964 - INFO - directory path \check\components\serviceShop is in components
2024-10-25 10:52:16,964 - INFO - directory path \check\components\survey is in components
2024-10-25 10:52:16,965 - INFO - directory path \check\components\timingCode is in components
2024-10-25 10:52:16,967 - INFO - directory path \check\components\wesure is in components
2024-10-25 10:52:16,969 - INFO - directory path \check\customLabel NOT in components
2024-10-25 10:52:16,970 - INFO - directory path \check\delivery NOT in components
2024-10-25 10:52:16,972 - INFO - directory path \check\deliverySuccess NOT in components
2024-10-25 10:52:16,973 - INFO - directory path \check\editLabel NOT in components
2024-10-25 10:52:16,974 - INFO - directory path \check\errorFeedback NOT in components
2024-10-25 10:52:16,975 - INFO - directory path \check\errorFeedback\editRecAddress NOT in components
2024-10-25 10:52:16,976 - INFO - directory path \check\errorFeedback\editRecInfo NOT in components
2024-10-25 10:52:16,976 - INFO - directory path \check\kaDetail NOT in components
2024-10-25 10:52:16,978 - INFO - directory path \check\logisticDetail NOT in components
2024-10-25 10:52:16,979 - INFO - directory path \check\logisticDetail\signLandingPage NOT in components
2024-10-25 10:52:16,980 - INFO - directory path \check\logisticDetail\taobaoUnLoginPage NOT in components
2024-10-25 10:52:16,981 - INFO - directory path \check\logisticInternational NOT in components
2024-10-25 10:52:16,982 - INFO - directory path \check\logisticMap NOT in components
2024-10-25 10:52:16,984 - INFO - directory path \check\orderList NOT in components
2024-10-25 10:52:16,985 - INFO - directory path \check\pickUpList NOT in components
2024-10-25 10:52:16,986 - INFO - directory path \check\pickUpList\components is in components
2024-10-25 10:52:16,988 - INFO - directory path \check\pickUpList\components\listEmpty is in components
2024-10-25 10:52:16,989 - INFO - directory path \check\pickUpList\components\pickUpGroups is in components
2024-10-25 10:52:16,990 - INFO - directory path \check\price NOT in components
2024-10-25 10:52:16,991 - INFO - directory path \check\price\components is in components
2024-10-25 10:52:16,992 - INFO - directory path \check\price\components\carriage is in components
2024-10-25 10:52:16,994 - INFO - directory path \check\price\components\priceAddress is in components
2024-10-25 10:52:16,995 - INFO - directory path \check\price\components\priceAddressAll is in components
2024-10-25 10:52:16,996 - INFO - directory path \check\sample NOT in components
2024-10-25 10:52:16,997 - INFO - directory path \check\sample\collect NOT in components
2024-10-25 10:52:16,998 - INFO - directory path \check\sample\success NOT in components
2024-10-25 10:52:16,999 - INFO - directory path \check\serviceStandards NOT in components
2024-10-25 10:52:17,000 - INFO - directory path \check\shipHelp NOT in components
2024-10-25 10:52:17,001 - INFO - directory path \check\site NOT in components
2024-10-25 10:52:17,002 - INFO - directory path \check\static NOT in components
2024-10-25 10:52:17,004 - INFO - directory path \check\static\img NOT in components
2024-10-25 10:52:17,005 - INFO - directory path \check\waybillDetail NOT in components
2024-10-25 10:52:17,006 - INFO - directory path \check\waybillDetail\components is in components
2024-10-25 10:52:17,007 - INFO - directory path \check\waybillEvaluation NOT in components
2024-10-25 10:52:17,010 - INFO - directory path \check\waybillEvaluation\components is in components
2024-10-25 10:52:17,011 - INFO - directory path \common NOT in components
2024-10-25 10:52:17,012 - INFO - directory path \components is in components
2024-10-25 10:52:17,013 - INFO - directory path \components\cell is in components
2024-10-25 10:52:17,014 - INFO - directory path \components\wxml-to-canvas is in components
2024-10-25 10:52:17,015 - INFO - directory path \config NOT in components
2024-10-25 10:52:17,016 - INFO - directory path \lib NOT in components
2024-10-25 10:52:17,017 - INFO - directory path \lib\conn NOT in components
2024-10-25 10:52:17,019 - INFO - directory path \lib\request NOT in components
2024-10-25 10:52:17,020 - INFO - directory path \lib\storage NOT in components
2024-10-25 10:52:17,022 - INFO - directory path \lib\util NOT in components
2024-10-25 10:52:17,023 - INFO - directory path \miniprogram_npm NOT in components
2024-10-25 10:52:17,024 - INFO - directory path \miniprogram_npm\@tencent NOT in components
2024-10-25 10:52:17,024 - INFO - directory path \miniprogram_npm\@tencent\wwui-wxml2canvas NOT in components
2024-10-25 10:52:17,025 - INFO - directory path \miniprogram_npm\eventemitter3 NOT in components
2024-10-25 10:52:17,026 - INFO - directory path \miniprogram_npm\widget-ui NOT in components
2024-10-25 10:52:17,027 - INFO - directory path \modules NOT in components
2024-10-25 10:52:17,028 - INFO - directory path \modules\components is in components
2024-10-25 10:52:17,029 - INFO - directory path \modules\components\conditionFilter is in components
2024-10-25 10:52:17,030 - INFO - directory path \modules\components\create-img-canvas is in components
2024-10-25 10:52:17,032 - INFO - directory path \modules\components\fastestIntro is in components
2024-10-25 10:52:17,033 - INFO - directory path \modules\components\highlightWord is in components
2024-10-25 10:52:17,034 - INFO - directory path \modules\components\mescroll-uni is in components
2024-10-25 10:52:17,036 - INFO - directory path \modules\components\mescroll-uni\components is in components
2024-10-25 10:52:17,037 - INFO - directory path \modules\components\official-accounts is in components
2024-10-25 10:52:17,039 - INFO - directory path \modules\components\privacyPolicy is in components
2024-10-25 10:52:17,040 - INFO - directory path \modules\components\scanModal is in components
2024-10-25 10:52:17,041 - INFO - directory path \modules\components\serviceIntro is in components
2024-10-25 10:52:17,042 - INFO - directory path \modules\components\subscribeTip is in components
2024-10-25 10:52:17,043 - INFO - directory path \modules\components\switch-env is in components
2024-10-25 10:52:17,044 - INFO - directory path \modules\components\thousand-banner is in components
2024-10-25 10:52:17,045 - INFO - directory path \modules\components\uni-popup is in components
2024-10-25 10:52:17,045 - INFO - directory path \modules\components\uni-transition is in components
2024-10-25 10:52:17,047 - INFO - directory path \modules\components\zto-advertising is in components
2024-10-25 10:52:17,047 - INFO - directory path \modules\components\zto-aviation-tip is in components
2024-10-25 10:52:17,048 - INFO - directory path \modules\components\zto-bill-date is in components
2024-10-25 10:52:17,049 - INFO - directory path \modules\components\zto-btn is in components
2024-10-25 10:52:17,050 - INFO - directory path \modules\components\zto-clipboard is in components
2024-10-25 10:52:17,051 - INFO - directory path \modules\components\zto-confirm-dialog is in components
2024-10-25 10:52:17,053 - INFO - directory path \modules\components\zto-countdown is in components
2024-10-25 10:52:17,054 - INFO - directory path \modules\components\zto-custom-top is in components
2024-10-25 10:52:17,056 - INFO - directory path \modules\components\zto-date-filter-panel is in components
2024-10-25 10:52:17,058 - INFO - directory path \modules\components\zto-date-picker is in components
2024-10-25 10:52:17,059 - INFO - directory path \modules\components\zto-date-selector is in components
2024-10-25 10:52:17,060 - INFO - directory path \modules\components\zto-dialog is in components
2024-10-25 10:52:17,061 - INFO - directory path \modules\components\zto-dialog2 is in components
2024-10-25 10:52:17,061 - INFO - directory path \modules\components\zto-empty is in components
2024-10-25 10:52:17,062 - INFO - directory path \modules\components\zto-empty-image is in components
2024-10-25 10:52:17,063 - INFO - directory path \modules\components\zto-grade-notice is in components
2024-10-25 10:52:17,064 - INFO - directory path \modules\components\zto-input is in components
2024-10-25 10:52:17,065 - INFO - directory path \modules\components\zto-joinmy-hint is in components
2024-10-25 10:52:17,065 - INFO - directory path \modules\components\zto-mescroll is in components
2024-10-25 10:52:17,066 - INFO - directory path \modules\components\zto-notice-bar is in components
2024-10-25 10:52:17,068 - INFO - directory path \modules\components\zto-popup-center is in components
2024-10-25 10:52:17,070 - INFO - directory path \modules\components\zto-popup-center2 is in components
2024-10-25 10:52:17,072 - INFO - directory path \modules\components\zto-popup-realname is in components
2024-10-25 10:52:17,074 - INFO - directory path \modules\components\zto-popup-up is in components
2024-10-25 10:52:17,075 - INFO - directory path \modules\components\zto-popup2 is in components
2024-10-25 10:52:17,077 - INFO - directory path \modules\components\zto-print is in components
2024-10-25 10:52:17,078 - INFO - directory path \modules\components\zto-printer-status is in components
2024-10-25 10:52:17,079 - INFO - directory path \modules\components\zto-qr-code is in components
2024-10-25 10:52:17,080 - INFO - directory path \modules\components\zto-radio is in components
2024-10-25 10:52:17,081 - INFO - directory path \modules\components\zto-region-selector is in components
2024-10-25 10:52:17,081 - INFO - directory path \modules\components\zto-score is in components
2024-10-25 10:52:17,082 - INFO - directory path \modules\components\zto-send-label is in components
2024-10-25 10:52:17,083 - INFO - directory path \modules\components\zto-service is in components
2024-10-25 10:52:17,086 - INFO - directory path \modules\components\zto-service-policy is in components
2024-10-25 10:52:17,088 - INFO - directory path \modules\components\zto-share-button is in components
2024-10-25 10:52:17,090 - INFO - directory path \modules\components\zto-switch2 is in components
2024-10-25 10:52:17,092 - INFO - directory path \modules\components\zto-tabbar is in components
2024-10-25 10:52:17,093 - INFO - directory path \modules\components\zto-tabs is in components
2024-10-25 10:52:17,094 - INFO - directory path \modules\components\zto-textarea is in components
2024-10-25 10:52:17,095 - INFO - directory path \modules\components\zto-theme is in components
2024-10-25 10:52:17,096 - INFO - directory path \modules\components\zto-tool-tip is in components
2024-10-25 10:52:17,096 - INFO - directory path \modules\components\zto-unlogin is in components
2024-10-25 10:52:17,098 - INFO - directory path \modules\components\zto-validate-phone is in components
2024-10-25 10:52:17,099 - INFO - directory path \modules\components\zto-visit-code is in components
2024-10-25 10:52:17,101 - INFO - directory path \modules\components\ztoCheck is in components
2024-10-25 10:52:17,103 - INFO - directory path \modules\components\ztoCheck\followGuide is in components
2024-10-25 10:52:17,106 - INFO - directory path \modules\components\ztoCheck\highlightText is in components
2024-10-25 10:52:17,108 - INFO - directory path \modules\components\ztoCheck\waybillCardCheck is in components
2024-10-25 10:52:17,110 - INFO - directory path \modules\components\ztoCheck\waybillCardCheck\components is in components
2024-10-25 10:52:17,111 - INFO - directory path \modules\components\ztoLogin is in components
2024-10-25 10:52:17,112 - INFO - directory path \modules\components\ztoLogin\accreditPopup is in components
2024-10-25 10:52:17,113 - INFO - directory path \modules\components\ztoLogin\loginButton is in components
2024-10-25 10:52:17,115 - INFO - directory path \modules\components\ztoLogin\loginPage is in components
2024-10-25 10:52:17,120 - INFO - directory path \modules\components\ztoLogin\loginPopup is in components
2024-10-25 10:52:17,122 - INFO - directory path \my NOT in components
2024-10-25 10:52:17,124 - INFO - directory path \my\account NOT in components
2024-10-25 10:52:17,125 - INFO - directory path \my\account\baseInfo NOT in components
2024-10-25 10:52:17,125 - INFO - directory path \my\account\changeMobile NOT in components
2024-10-25 10:52:17,126 - INFO - directory path \my\account\components is in components
2024-10-25 10:52:17,127 - INFO - directory path \my\account\components\mobileVerify is in components
2024-10-25 10:52:17,128 - INFO - directory path \my\account\login NOT in components
2024-10-25 10:52:17,129 - INFO - directory path \my\account\logout NOT in components
2024-10-25 10:52:17,130 - INFO - directory path \my\account\otherLogin NOT in components
2024-10-25 10:52:17,130 - INFO - directory path \my\address NOT in components
2024-10-25 10:52:17,131 - INFO - directory path \my\address\addressList NOT in components
2024-10-25 10:52:17,131 - INFO - directory path \my\address\clearAddress NOT in components
2024-10-25 10:52:17,133 - INFO - directory path \my\address\components is in components
2024-10-25 10:52:17,134 - INFO - directory path \my\address\components\addressCard is in components
2024-10-25 10:52:17,137 - INFO - directory path \my\address\components\addressClearCard is in components
2024-10-25 10:52:17,139 - INFO - directory path \my\address\components\addressEditGroup is in components
2024-10-25 10:52:17,141 - INFO - directory path \my\address\components\analysis is in components
2024-10-25 10:52:17,142 - INFO - directory path \my\address\components\confirmDialog is in components
2024-10-25 10:52:17,143 - INFO - directory path \my\address\components\imgCutter is in components
2024-10-25 10:52:17,144 - INFO - directory path \my\address\components\latestAddress is in components
2024-10-25 10:52:17,145 - INFO - directory path \my\address\components\recorderPopup is in components
2024-10-25 10:52:17,146 - INFO - directory path \my\address\components\suspendImage is in components
2024-10-25 10:52:17,148 - INFO - directory path \my\address\components\tagSetting is in components
2024-10-25 10:52:17,150 - INFO - directory path \my\address\cut NOT in components
2024-10-25 10:52:17,151 - INFO - directory path \my\address\detailAddress NOT in components
2024-10-25 10:52:17,153 - INFO - directory path \my\address\detailAddress\modifyAlert NOT in components
2024-10-25 10:52:17,155 - INFO - directory path \my\address\editAddress NOT in components
2024-10-25 10:52:17,155 - INFO - directory path \my\address\visitingCard NOT in components
2024-10-25 10:52:17,156 - INFO - directory path \my\bindSheet NOT in components
2024-10-25 10:52:17,158 - INFO - directory path \my\common NOT in components
2024-10-25 10:52:17,159 - INFO - directory path \my\complain NOT in components
2024-10-25 10:52:17,162 - INFO - directory path \my\complain\compensate NOT in components
2024-10-25 10:52:17,164 - INFO - directory path \my\complain\complainDetails NOT in components
2024-10-25 10:52:17,165 - INFO - directory path \my\complain\complainSuccess NOT in components
2024-10-25 10:52:17,167 - INFO - directory path \my\complain\complainSuggest NOT in components
2024-10-25 10:52:17,168 - INFO - directory path \my\complain\complainSuggestDetail NOT in components
2024-10-25 10:52:17,171 - INFO - directory path \my\complain\complainWaybills NOT in components
2024-10-25 10:52:17,172 - INFO - directory path \my\complain\components is in components
2024-10-25 10:52:17,174 - INFO - directory path \my\complain\components\detailCard is in components
2024-10-25 10:52:17,175 - INFO - directory path \my\complain\components\evaluatePopup is in components
2024-10-25 10:52:17,176 - INFO - directory path \my\complain\components\imageViewer is in components
2024-10-25 10:52:17,179 - INFO - directory path \my\complain\components\loading is in components
2024-10-25 10:52:17,181 - INFO - directory path \my\complain\components\processStep is in components
2024-10-25 10:52:17,182 - INFO - directory path \my\complain\components\uiTextarea is in components
2024-10-25 10:52:17,186 - INFO - directory path \my\complain\components\validatePhone is in components
2024-10-25 10:52:17,188 - INFO - directory path \my\complain\components\waybillCard is in components
2024-10-25 10:52:17,189 - INFO - directory path \my\components is in components
2024-10-25 10:52:17,191 - INFO - directory path \my\components\admissionDate is in components
2024-10-25 10:52:17,193 - INFO - directory path \my\components\cardItem is in components
2024-10-25 10:52:17,195 - INFO - directory path \my\components\customNavBar is in components
2024-10-25 10:52:17,196 - INFO - directory path \my\components\historyCard is in components
2024-10-25 10:52:17,198 - INFO - directory path \my\components\inviteQrCode is in components
2024-10-25 10:52:17,201 - INFO - directory path \my\components\menuAccountTips is in components
2024-10-25 10:52:17,203 - INFO - directory path \my\components\noData is in components
2024-10-25 10:52:17,205 - INFO - directory path \my\components\orderCard is in components
2024-10-25 10:52:17,207 - INFO - directory path \my\components\payCard is in components
2024-10-25 10:52:17,209 - INFO - directory path \my\components\selectMarkPaid is in components
2024-10-25 10:52:17,211 - INFO - directory path \my\components\shareNoticeTip is in components
2024-10-25 10:52:17,213 - INFO - directory path \my\coupon NOT in components
2024-10-25 10:52:17,213 - INFO - directory path \my\coupon\convert NOT in components
2024-10-25 10:52:17,215 - INFO - directory path \my\coupon\couponDetail NOT in components
2024-10-25 10:52:17,216 - INFO - directory path \my\coupon\couponItem NOT in components
2024-10-25 10:52:17,218 - INFO - directory path \my\coupon\couponList NOT in components
2024-10-25 10:52:17,220 - INFO - directory path \my\eInvoice NOT in components
2024-10-25 10:52:17,223 - INFO - directory path \my\eInvoice\compontents NOT in components
2024-10-25 10:52:17,225 - INFO - directory path \my\eInvoice\compontents\checkList NOT in components
2024-10-25 10:52:17,228 - INFO - directory path \my\eInvoice\compontents\invoiceCan NOT in components
2024-10-25 10:52:17,229 - INFO - directory path \my\eInvoice\compontents\invoiceStatus NOT in components
2024-10-25 10:52:17,231 - INFO - directory path \my\eInvoice\compontents\invoiceTitle NOT in components
2024-10-25 10:52:17,232 - INFO - directory path \my\eInvoice\compontents\invoiceYet NOT in components
2024-10-25 10:52:17,233 - INFO - directory path \my\eInvoice\compontents\listHolder NOT in components
2024-10-25 10:52:17,234 - INFO - directory path \my\eInvoice\compontents\riseCard NOT in components
2024-10-25 10:52:17,236 - INFO - directory path \my\eInvoice\compontents\riseListFooter NOT in components
2024-10-25 10:52:17,238 - INFO - directory path \my\eInvoice\invoiceBill NOT in components
2024-10-25 10:52:17,239 - INFO - directory path \my\eInvoice\invoiceDetail NOT in components
2024-10-25 10:52:17,241 - INFO - directory path \my\eInvoice\invoiceSuccess NOT in components
2024-10-25 10:52:17,243 - INFO - directory path \my\eInvoice\issueConfirm NOT in components
2024-10-25 10:52:17,244 - INFO - directory path \my\eInvoice\issueInvoice NOT in components
2024-10-25 10:52:17,245 - INFO - directory path \my\eInvoice\lookUpBook NOT in components
2024-10-25 10:52:17,246 - INFO - directory path \my\eInvoice\lookUpBook\bookDetail NOT in components
2024-10-25 10:52:17,247 - INFO - directory path \my\eInvoice\lookUpBook\bookDetails NOT in components
2024-10-25 10:52:17,248 - INFO - directory path \my\eInvoice\lookUpBook\bookEditAdd NOT in components
2024-10-25 10:52:17,249 - INFO - directory path \my\eleBindMiddle NOT in components
2024-10-25 10:52:17,250 - INFO - directory path \my\electronSheetShare NOT in components
2024-10-25 10:52:17,252 - INFO - directory path \my\eleSheet NOT in components
2024-10-25 10:52:17,254 - INFO - directory path \my\eleSheet\components is in components
2024-10-25 10:52:17,256 - INFO - directory path \my\eleSheet\components\sheetItem is in components
2024-10-25 10:52:17,257 - INFO - directory path \my\eleSheetCodeShare NOT in components
2024-10-25 10:52:17,258 - INFO - directory path \my\eleSheetListShare NOT in components
2024-10-25 10:52:17,259 - INFO - directory path \my\eleSheetListShare\components is in components
2024-10-25 10:52:17,260 - INFO - directory path \my\eleSheetListShare\components\listSheetBox is in components
2024-10-25 10:52:17,261 - INFO - directory path \my\eMenuAccount NOT in components
2024-10-25 10:52:17,262 - INFO - directory path \my\eMenuAccount\accountBind NOT in components
2024-10-25 10:52:17,263 - INFO - directory path \my\eMenuAccount\accountMana NOT in components
2024-10-25 10:52:17,264 - INFO - directory path \my\expressman NOT in components
2024-10-25 10:52:17,265 - INFO - directory path \my\expressman\components is in components
2024-10-25 10:52:17,266 - INFO - directory path \my\expressman\components\expressmanCard is in components
2024-10-25 10:52:17,267 - INFO - directory path \my\expressmanDetail NOT in components
2024-10-25 10:52:17,269 - INFO - directory path \my\expressmanDetail\components is in components
2024-10-25 10:52:17,272 - INFO - directory path \my\friendAdmin NOT in components
2024-10-25 10:52:17,273 - INFO - directory path \my\friendAdmin\components is in components
2024-10-25 10:52:17,274 - INFO - directory path \my\friendAdmin\components\boundCanBox is in components
2024-10-25 10:52:17,276 - INFO - directory path \my\friendAdmin\components\canBoundBox is in components
2024-10-25 10:52:17,276 - INFO - directory path \my\friendAdmin\components\dataCanBound is in components
2024-10-25 10:52:17,277 - INFO - directory path \my\friendAdmin\components\unBind is in components
2024-10-25 10:52:17,278 - INFO - directory path \my\getSvip NOT in components
2024-10-25 10:52:17,279 - INFO - directory path \my\helpPay NOT in components
2024-10-25 10:52:17,280 - INFO - directory path \my\identificationPage NOT in components
2024-10-25 10:52:17,281 - INFO - directory path \my\inviteFriend NOT in components
2024-10-25 10:52:17,282 - INFO - directory path \my\inviteOrder NOT in components
2024-10-25 10:52:17,284 - INFO - directory path \my\inviteOrder\components is in components
2024-10-25 10:52:17,286 - INFO - directory path \my\inviteOrder\components\inviteOrderItem is in components
2024-10-25 10:52:17,288 - INFO - directory path \my\invoiceAgain NOT in components
2024-10-25 10:52:17,290 - INFO - directory path \my\invoiceAgainSuccess NOT in components
2024-10-25 10:52:17,291 - INFO - directory path \my\linkageCheck NOT in components
2024-10-25 10:52:17,292 - INFO - directory path \my\linkageCheck\components is in components
2024-10-25 10:52:17,293 - INFO - directory path \my\linkageCheck\components\billCodeCard is in components
2024-10-25 10:52:17,294 - INFO - directory path \my\linkageCheck\linkageResult NOT in components
2024-10-25 10:52:17,295 - INFO - directory path \my\monthlyBill NOT in components
2024-10-25 10:52:17,296 - INFO - directory path \my\monthlyBill\components is in components
2024-10-25 10:52:17,297 - INFO - directory path \my\monthlyBill\components\calendar is in components
2024-10-25 10:52:17,298 - INFO - directory path \my\monthlyBill\monthlyDetail NOT in components
2024-10-25 10:52:17,299 - INFO - directory path \my\myPay NOT in components
2024-10-25 10:52:17,301 - INFO - directory path \my\onlineService NOT in components
2024-10-25 10:52:17,303 - INFO - directory path \my\payAddParcel NOT in components
2024-10-25 10:52:17,306 - INFO - directory path \my\payAward NOT in components
2024-10-25 10:52:17,308 - INFO - directory path \my\payDetail NOT in components
2024-10-25 10:52:17,310 - INFO - directory path \my\payIgnore NOT in components
2024-10-25 10:52:17,311 - INFO - directory path \my\payInternation NOT in components
2024-10-25 10:52:17,313 - INFO - directory path \my\payList NOT in components
2024-10-25 10:52:17,314 - INFO - directory path \my\paySuccess NOT in components
2024-10-25 10:52:17,315 - INFO - directory path \my\paySvip NOT in components
2024-10-25 10:52:17,316 - INFO - directory path \my\printerManage NOT in components
2024-10-25 10:52:17,318 - INFO - directory path \my\printerManage\components is in components
2024-10-25 10:52:17,320 - INFO - directory path \my\printerManage\components\uiTextarea is in components
2024-10-25 10:52:17,322 - INFO - directory path \my\printList NOT in components
2024-10-25 10:52:17,323 - INFO - directory path \my\printList\components is in components
2024-10-25 10:52:17,324 - INFO - directory path \my\printList\components\backBtn is in components
2024-10-25 10:52:17,325 - INFO - directory path \my\printList\components\cloudQr is in components
2024-10-25 10:52:17,327 - INFO - directory path \my\printList\components\printCard is in components
2024-10-25 10:52:17,328 - INFO - directory path \my\printList\components\printCode is in components
2024-10-25 10:52:17,329 - INFO - directory path \my\printList\components\printHeader is in components
2024-10-25 10:52:17,330 - INFO - directory path \my\printList\components\printing is in components
2024-10-25 10:52:17,331 - INFO - directory path \my\printList\components\realName is in components
2024-10-25 10:52:17,332 - INFO - directory path \my\printList\components\send-popup is in components
2024-10-25 10:52:17,334 - INFO - directory path \my\printList\components\sheetList is in components
2024-10-25 10:52:17,336 - INFO - directory path \my\privateCar NOT in components
2024-10-25 10:52:17,337 - INFO - directory path \my\protocol NOT in components
2024-10-25 10:52:17,338 - INFO - directory path \my\questionnaire NOT in components
2024-10-25 10:52:17,340 - INFO - directory path \my\realName NOT in components
2024-10-25 10:52:17,341 - INFO - directory path \my\realName\components is in components
2024-10-25 10:52:17,342 - INFO - directory path \my\realName\components\cardTypePopup is in components
2024-10-25 10:52:17,343 - INFO - directory path \my\realName\result NOT in components
2024-10-25 10:52:17,344 - INFO - directory path \my\setting NOT in components
2024-10-25 10:52:17,345 - INFO - directory path \my\setting\accredit NOT in components
2024-10-25 10:52:17,347 - INFO - directory path \my\setting\addBlackList NOT in components
2024-10-25 10:52:17,348 - INFO - directory path \my\setting\authPhoneList NOT in components
2024-10-25 10:52:17,350 - INFO - directory path \my\setting\backSender NOT in components
2024-10-25 10:52:17,352 - INFO - directory path \my\setting\components is in components
2024-10-25 10:52:17,354 - INFO - directory path \my\setting\components\authOrBlack is in components
2024-10-25 10:52:17,355 - INFO - directory path \my\setting\components\backAddressPay is in components
2024-10-25 10:52:17,357 - INFO - directory path \my\setting\components\changeAddress is in components
2024-10-25 10:52:17,358 - INFO - directory path \my\setting\components\changeAddressPay is in components
2024-10-25 10:52:17,359 - INFO - directory path \my\setting\components\changeExplain is in components
2024-10-25 10:52:17,360 - INFO - directory path \my\setting\components\editCoupon is in components
2024-10-25 10:52:17,362 - INFO - directory path \my\setting\components\modal-box is in components
2024-10-25 10:52:17,363 - INFO - directory path \my\setting\components\paySuccessModal is in components
2024-10-25 10:52:17,364 - INFO - directory path \my\setting\components\preItem is in components
2024-10-25 10:52:17,365 - INFO - directory path \my\setting\components\preItemAlert is in components
2024-10-25 10:52:17,367 - INFO - directory path \my\setting\components\preSet is in components
2024-10-25 10:52:17,368 - INFO - directory path \my\setting\components\receiverSendInfo is in components
2024-10-25 10:52:17,369 - INFO - directory path \my\setting\components\revocationModalBox is in components
2024-10-25 10:52:17,370 - INFO - directory path \my\setting\editNewAddress NOT in components
2024-10-25 10:52:17,371 - INFO - directory path \my\setting\goodsMode NOT in components
2024-10-25 10:52:17,372 - INFO - directory path \my\setting\newReceivingWay NOT in components
2024-10-25 10:52:17,374 - INFO - directory path \my\setting\preferencesList NOT in components
2024-10-25 10:52:17,375 - INFO - directory path \my\setting\preferencesPage NOT in components
2024-10-25 10:52:17,376 - INFO - directory path \my\setting\pushInformation NOT in components
2024-10-25 10:52:17,377 - INFO - directory path \my\setting\receivingWay NOT in components
2024-10-25 10:52:17,378 - INFO - directory path \my\setting\receivingWay\components is in components
2024-10-25 10:52:17,379 - INFO - directory path \my\setting\receivingWay\components\expressBox is in components
2024-10-25 10:52:17,380 - INFO - directory path \my\setting\receivingWay\components\proxySite is in components
2024-10-25 10:52:17,382 - INFO - directory path \my\sheetTemplate NOT in components
2024-10-25 10:52:17,383 - INFO - directory path \my\transport NOT in components
2024-10-25 10:52:17,384 - INFO - directory path \my\transport\components is in components
2024-10-25 10:52:17,386 - INFO - directory path \my\transport\components\send-popup is in components
2024-10-25 10:52:17,387 - INFO - directory path \my\transport\components\send-popup-estimate-price is in components
2024-10-25 10:52:17,388 - INFO - directory path \my\transport\components\send-popup-estimate-price\components is in components
2024-10-25 10:52:17,390 - INFO - directory path \my\transport\components\send-receiver is in components
2024-10-25 10:52:17,391 - INFO - directory path \my\transport\components\transportFooter is in components
2024-10-25 10:52:17,393 - INFO - directory path \my\wallet NOT in components
2024-10-25 10:52:17,394 - INFO - directory path \my\wallet\balance NOT in components
2024-10-25 10:52:17,395 - INFO - directory path \my\wallet\balanceDetail NOT in components
2024-10-25 10:52:17,396 - INFO - directory path \my\wallet\balanceList NOT in components
2024-10-25 10:52:17,398 - INFO - directory path \my\wallet\bankCard NOT in components
2024-10-25 10:52:17,399 - INFO - directory path \my\wallet\bankList NOT in components
2024-10-25 10:52:17,401 - INFO - directory path \my\wallet\setCashWays NOT in components
2024-10-25 10:52:17,402 - INFO - directory path \my\wallet\uncollectedPayment NOT in components
2024-10-25 10:52:17,404 - INFO - directory path \my\wallet\validate NOT in components
2024-10-25 10:52:17,405 - INFO - directory path \my\wallet\withdraw NOT in components
2024-10-25 10:52:17,407 - INFO - directory path \my\zmSc NOT in components
2024-10-25 10:52:17,408 - INFO - directory path \other NOT in components
2024-10-25 10:52:17,409 - INFO - directory path \other\configEnv NOT in components
2024-10-25 10:52:17,411 - INFO - directory path \other\cooperation NOT in components
2024-10-25 10:52:17,412 - INFO - directory path \other\happinessCloud NOT in components
2024-10-25 10:52:17,413 - INFO - directory path \other\sendCode NOT in components
2024-10-25 10:52:17,414 - INFO - directory path \other\subscribePage NOT in components
2024-10-25 10:52:17,416 - INFO - directory path \pages NOT in components
2024-10-25 10:52:17,417 - INFO - directory path \pages\address NOT in components
2024-10-25 10:52:17,418 - INFO - directory path \pages\address\addressList NOT in components
2024-10-25 10:52:17,420 - INFO - directory path \pages\address\cut NOT in components
2024-10-25 10:52:17,421 - INFO - directory path \pages\address\detailAddress NOT in components
2024-10-25 10:52:17,422 - INFO - directory path \pages\address\editAddress NOT in components
2024-10-25 10:52:17,424 - INFO - directory path \pages\bill NOT in components
2024-10-25 10:52:17,425 - INFO - directory path \pages\check NOT in components
2024-10-25 10:52:17,426 - INFO - directory path \pages\check\logisticDetail NOT in components
2024-10-25 10:52:17,427 - INFO - directory path \pages\check\orderList NOT in components
2024-10-25 10:52:17,428 - INFO - directory path \pages\check\price NOT in components
2024-10-25 10:52:17,429 - INFO - directory path \pages\check\site NOT in components
2024-10-25 10:52:17,430 - INFO - directory path \pages\cod-detail NOT in components
2024-10-25 10:52:17,432 - INFO - directory path \pages\companyWechat NOT in components
2024-10-25 10:52:17,432 - INFO - directory path \pages\create NOT in components
2024-10-25 10:52:17,434 - INFO - directory path \pages\expressMan NOT in components
2024-10-25 10:52:17,435 - INFO - directory path \pages\guojiH5View NOT in components
2024-10-25 10:52:17,437 - INFO - directory path \pages\h5LiveView NOT in components
2024-10-25 10:52:17,438 - INFO - directory path \pages\h5View NOT in components
2024-10-25 10:52:17,439 - INFO - directory path \pages\inviteOrder NOT in components
2024-10-25 10:52:17,440 - INFO - directory path \pages\inviteOrder\inviteFriends NOT in components
2024-10-25 10:52:17,442 - INFO - directory path \pages\logisticsDetails NOT in components
2024-10-25 10:52:17,443 - INFO - directory path \pages\members NOT in components
2024-10-25 10:52:17,443 - INFO - directory path \pages\membersH5View NOT in components
2024-10-25 10:52:17,445 - INFO - directory path \pages\my NOT in components
2024-10-25 10:52:17,446 - INFO - directory path \pages\myPay NOT in components
2024-10-25 10:52:17,447 - INFO - directory path \pages\newCreate NOT in components
2024-10-25 10:52:17,448 - INFO - directory path \pages\newCreate\electronic-invoice NOT in components
2024-10-25 10:52:17,450 - INFO - directory path \pages\newCreate\entry NOT in components
2024-10-25 10:52:17,451 - INFO - directory path \pages\newCreate\exclusive NOT in components
2024-10-25 10:52:17,452 - INFO - directory path \pages\newCreate\multi NOT in components
2024-10-25 10:52:17,454 - INFO - directory path \pages\newCreate\scan NOT in components
2024-10-25 10:52:17,455 - INFO - directory path \pages\onlinePay NOT in components
2024-10-25 10:52:17,456 - INFO - directory path \pages\order NOT in components
2024-10-25 10:52:17,457 - INFO - directory path \pages\price NOT in components
2024-10-25 10:52:17,458 - INFO - directory path \pages\printList NOT in components
2024-10-25 10:52:17,459 - INFO - directory path \pages\send NOT in components
2024-10-25 10:52:17,460 - INFO - directory path \pages\send\send NOT in components
2024-10-25 10:52:17,462 - INFO - directory path \pages\send\send\components is in components
2024-10-25 10:52:17,463 - INFO - directory path \pages\serviceSite NOT in components
2024-10-25 10:52:17,464 - INFO - directory path \pages\serviceSite\components is in components
2024-10-25 10:52:17,465 - INFO - directory path \pages\siteQuestion NOT in components
2024-10-25 10:52:17,466 - INFO - directory path \pages\siteReport NOT in components
2024-10-25 10:52:17,468 - INFO - directory path \pages\siteReport\components is in components
2024-10-25 10:52:17,470 - INFO - directory path \pages\suggest NOT in components
2024-10-25 10:52:17,471 - INFO - directory path \pages\svipH5 NOT in components
2024-10-25 10:52:17,472 - INFO - directory path \pages\videoServes NOT in components
2024-10-25 10:52:17,473 - INFO - directory path \pages\vipH5 NOT in components
2024-10-25 10:52:17,474 - INFO - directory path \safety NOT in components
2024-10-25 10:52:17,475 - INFO - directory path \safety\verify NOT in components
2024-10-25 10:52:17,476 - INFO - directory path \send NOT in components
2024-10-25 10:52:17,477 - INFO - directory path \send\appoint NOT in components
2024-10-25 10:52:17,478 - INFO - directory path \send\autoPrint NOT in components
2024-10-25 10:52:17,480 - INFO - directory path \send\autoPrint\components is in components
2024-10-25 10:52:17,480 - INFO - directory path \send\autoPrint\components\printer is in components
2024-10-25 10:52:17,482 - INFO - directory path \send\business NOT in components
2024-10-25 10:52:17,483 - INFO - directory path \send\campus NOT in components
2024-10-25 10:52:17,485 - INFO - directory path \send\campus\campusLoad NOT in components
2024-10-25 10:52:17,486 - INFO - directory path \send\campus\chooseSchool NOT in components
2024-10-25 10:52:17,487 - INFO - directory path \send\campus\components is in components
2024-10-25 10:52:17,488 - INFO - directory path \send\campus\components\identification is in components
2024-10-25 10:52:17,490 - INFO - directory path \send\cloudPrint NOT in components
2024-10-25 10:52:17,491 - INFO - directory path \send\cloudPrint\components is in components
2024-10-25 10:52:17,492 - INFO - directory path \send\cloudPrint\components\printInfo is in components
2024-10-25 10:52:17,493 - INFO - directory path \send\common NOT in components
2024-10-25 10:52:17,495 - INFO - directory path \send\components is in components
2024-10-25 10:52:17,496 - INFO - directory path \send\components\send-area-guide is in components
2024-10-25 10:52:17,497 - INFO - directory path \send\components\send-business is in components
2024-10-25 10:52:17,498 - INFO - directory path \send\components\send-business-tip is in components
2024-10-25 10:52:17,499 - INFO - directory path \send\components\send-button is in components
2024-10-25 10:52:17,500 - INFO - directory path \send\components\send-carton is in components
2024-10-25 10:52:17,503 - INFO - directory path \send\components\send-collection is in components
2024-10-25 10:52:17,504 - INFO - directory path \send\components\send-collection-off is in components
2024-10-25 10:52:17,506 - INFO - directory path \send\components\send-custom-template is in components
2024-10-25 10:52:17,507 - INFO - directory path \send\components\send-face-print is in components
2024-10-25 10:52:17,508 - INFO - directory path \send\components\send-festival-tip is in components
2024-10-25 10:52:17,509 - INFO - directory path \send\components\send-footer-submit is in components
2024-10-25 10:52:17,510 - INFO - directory path \send\components\send-insure is in components
2024-10-25 10:52:17,511 - INFO - directory path \send\components\send-intro-page is in components
2024-10-25 10:52:17,512 - INFO - directory path \send\components\send-item-selector is in components
2024-10-25 10:52:17,513 - INFO - directory path \send\components\send-module-aviation is in components
2024-10-25 10:52:17,514 - INFO - directory path \send\components\send-module-carton is in components
2024-10-25 10:52:17,514 - INFO - directory path \send\components\send-module-coupon is in components
2024-10-25 10:52:17,515 - INFO - directory path \send\components\send-module-expect-time is in components
2024-10-25 10:52:17,516 - INFO - directory path \send\components\send-module-expressman is in components
2024-10-25 10:52:17,518 - INFO - directory path \send\components\send-module-holiday-card is in components
2024-10-25 10:52:17,519 - INFO - directory path \send\components\send-module-integral is in components
2024-10-25 10:52:17,521 - INFO - directory path \send\components\send-module-invoice is in components
2024-10-25 10:52:17,522 - INFO - directory path \send\components\send-module-object-info is in components
2024-10-25 10:52:17,523 - INFO - directory path \send\components\send-module-package is in components
2024-10-25 10:52:17,524 - INFO - directory path \send\components\send-module-pay-type is in components
2024-10-25 10:52:17,525 - INFO - directory path \send\components\send-module-rec-way is in components
2024-10-25 10:52:17,525 - INFO - directory path \send\components\send-module-service-site is in components
2024-10-25 10:52:17,526 - INFO - directory path \send\components\send-module-value-added is in components
2024-10-25 10:52:17,527 - INFO - directory path \send\components\send-more-value-added is in components
2024-10-25 10:52:17,528 - INFO - directory path \send\components\send-must-real-name is in components
2024-10-25 10:52:17,529 - INFO - directory path \send\components\send-must-set-cod is in components
2024-10-25 10:52:17,530 - INFO - directory path \send\components\send-mutil-address is in components
2024-10-25 10:52:17,531 - INFO - directory path \send\components\send-popup is in components
2024-10-25 10:52:17,532 - INFO - directory path \send\components\send-popup-coupon is in components
2024-10-25 10:52:17,532 - INFO - directory path \send\components\send-popup-coupon-item is in components
2024-10-25 10:52:17,534 - INFO - directory path \send\components\send-popup-estimate-price is in components
2024-10-25 10:52:17,535 - INFO - directory path \send\components\send-popup-estimate-price\components is in components
2024-10-25 10:52:17,535 - INFO - directory path \send\components\send-popup-expect-time is in components
2024-10-25 10:52:17,536 - INFO - directory path \send\components\send-popup-face-account is in components
2024-10-25 10:52:17,537 - INFO - directory path \send\components\send-popup-integral is in components
2024-10-25 10:52:17,538 - INFO - directory path \send\components\send-popup-integral-item is in components
2024-10-25 10:52:17,539 - INFO - directory path \send\components\send-popup-official-expressman is in components
2024-10-25 10:52:17,539 - INFO - directory path \send\components\send-popup-pay-type is in components
2024-10-25 10:52:17,540 - INFO - directory path \send\components\send-popup-pay-type\components is in components
2024-10-25 10:52:17,541 - INFO - directory path \send\components\send-popup-pay-type\components\dialog-pay-type-intro is in components
2024-10-25 10:52:17,542 - INFO - directory path \send\components\send-popup-rec-way is in components
2024-10-25 10:52:17,543 - INFO - directory path \send\components\send-popup-tip is in components
2024-10-25 10:52:17,544 - INFO - directory path \send\components\send-products is in components
2024-10-25 10:52:17,545 - INFO - directory path \send\components\send-protocol-line is in components
2024-10-25 10:52:17,546 - INFO - directory path \send\components\send-protocol-line\components is in components
2024-10-25 10:52:17,547 - INFO - directory path \send\components\send-real-name-tip is in components
2024-10-25 10:52:17,548 - INFO - directory path \send\components\send-receiver is in components
2024-10-25 10:52:17,548 - INFO - directory path \send\components\send-recommend is in components
2024-10-25 10:52:17,549 - INFO - directory path \send\components\send-remark is in components
2024-10-25 10:52:17,551 - INFO - directory path \send\components\send-sender is in components
2024-10-25 10:52:17,551 - INFO - directory path \send\components\send-sender-receiver is in components
2024-10-25 10:52:17,552 - INFO - directory path \send\components\send-sender-receiver-multi is in components
2024-10-25 10:52:17,553 - INFO - directory path \send\components\send-sender-receiver-print is in components
2024-10-25 10:52:17,554 - INFO - directory path \send\components\send-single is in components
2024-10-25 10:52:17,555 - INFO - directory path \send\components\send-subscribe-guide is in components
2024-10-25 10:52:17,556 - INFO - directory path \send\components\send-success-exempt is in components
2024-10-25 10:52:17,557 - INFO - directory path \send\components\send-success-insurance is in components
2024-10-25 10:52:17,558 - INFO - directory path \send\components\send-sync is in components
2024-10-25 10:52:17,558 - INFO - directory path \send\components\send-tabs-panel is in components
2024-10-25 10:52:17,559 - INFO - directory path \send\components\send-template-card is in components
2024-10-25 10:52:17,560 - INFO - directory path \send\components\send-value-added-enter is in components
2024-10-25 10:52:17,561 - INFO - directory path \send\concentrate NOT in components
2024-10-25 10:52:17,562 - INFO - directory path \send\concentrate\components is in components
2024-10-25 10:52:17,563 - INFO - directory path \send\concentrate\components\bottomBar is in components
2024-10-25 10:52:17,564 - INFO - directory path \send\concentrate\components\direct is in components
2024-10-25 10:52:17,565 - INFO - directory path \send\concentrate\components\payment is in components
2024-10-25 10:52:17,565 - INFO - directory path \send\concentrate\components\reportCard is in components
2024-10-25 10:52:17,566 - INFO - directory path \send\concentrate\components\waybillCard is in components
2024-10-25 10:52:17,567 - INFO - directory path \send\concentrate\concentrateMain NOT in components
2024-10-25 10:52:17,568 - INFO - directory path \send\concentrate\conIntro NOT in components
2024-10-25 10:52:17,569 - INFO - directory path \send\concentrate\parcel NOT in components
2024-10-25 10:52:17,571 - INFO - directory path \send\concentrate\playVideo NOT in components
2024-10-25 10:52:17,571 - INFO - directory path \send\concentrate\transport NOT in components
2024-10-25 10:52:17,572 - INFO - directory path \send\customTemplate NOT in components
2024-10-25 10:52:17,573 - INFO - directory path \send\ecReturn NOT in components
2024-10-25 10:52:17,574 - INFO - directory path \send\ecReturnGuide NOT in components
2024-10-25 10:52:17,575 - INFO - directory path \send\editInsure NOT in components
2024-10-25 10:52:17,576 - INFO - directory path \send\editOrder NOT in components
2024-10-25 10:52:17,577 - INFO - directory path \send\editWelfareOrder NOT in components
2024-10-25 10:52:17,578 - INFO - directory path \send\excel NOT in components
2024-10-25 10:52:17,579 - INFO - directory path \send\excelResult NOT in components
2024-10-25 10:52:17,580 - INFO - directory path \send\exclusive NOT in components
2024-10-25 10:52:17,581 - INFO - directory path \send\exclusive\components is in components
2024-10-25 10:52:17,582 - INFO - directory path \send\exclusive\components\exclusiveCoupon is in components
2024-10-25 10:52:17,585 - INFO - directory path \send\exclusive\components\expressman is in components
2024-10-25 10:52:17,586 - INFO - directory path \send\expressAge NOT in components
2024-10-25 10:52:17,587 - INFO - directory path \send\festivalGuide NOT in components
2024-10-25 10:52:17,588 - INFO - directory path \send\greetingCard NOT in components
2024-10-25 10:52:17,589 - INFO - directory path \send\invite NOT in components
2024-10-25 10:52:17,590 - INFO - directory path \send\invite\components is in components
2024-10-25 10:52:17,591 - INFO - directory path \send\invite\components\inviteOrderItem is in components
2024-10-25 10:52:17,591 - INFO - directory path \send\invite\components\inviterInfo is in components
2024-10-25 10:52:17,592 - INFO - directory path \send\invite\components\msgErrorHold is in components
2024-10-25 10:52:17,593 - INFO - directory path \send\invite\components\submitStatusBar is in components
2024-10-25 10:52:17,594 - INFO - directory path \send\invite\inviteFirends NOT in components
2024-10-25 10:52:17,595 - INFO - directory path \send\market NOT in components
2024-10-25 10:52:17,595 - INFO - directory path \send\market\bills NOT in components
2024-10-25 10:52:17,596 - INFO - directory path \send\market\components is in components
2024-10-25 10:52:17,597 - INFO - directory path \send\multi NOT in components
2024-10-25 10:52:17,598 - INFO - directory path \send\multi\batchAnalysis NOT in components
2024-10-25 10:52:17,598 - INFO - directory path \send\multi\checkReceiver NOT in components
2024-10-25 10:52:17,599 - INFO - directory path \send\myTemplate NOT in components
2024-10-25 10:52:17,601 - INFO - directory path \send\newBusinessDiscount NOT in components
2024-10-25 10:52:17,603 - INFO - directory path \send\newBusinessDiscount\activityRules NOT in components
2024-10-25 10:52:17,605 - INFO - directory path \send\newBusinessDiscount\applySuccess NOT in components
2024-10-25 10:52:17,605 - INFO - directory path \send\newBusinessDiscount\components is in components
2024-10-25 10:52:17,606 - INFO - directory path \send\newBusinessDiscount\components\cardItem is in components
2024-10-25 10:52:17,607 - INFO - directory path \send\newBusinessDiscount\components\choiceCourier is in components
2024-10-25 10:52:17,608 - INFO - directory path \send\newBusinessDiscount\components\choicePopup is in components
2024-10-25 10:52:17,609 - INFO - directory path \send\newBusinessDiscount\components\courierInfo is in components
2024-10-25 10:52:17,610 - INFO - directory path \send\newBusinessDiscount\components\destination is in components
2024-10-25 10:52:17,611 - INFO - directory path \send\newBusinessDiscount\components\payBox is in components
2024-10-25 10:52:17,612 - INFO - directory path \send\newBusinessDiscount\components\payCard is in components
2024-10-25 10:52:17,612 - INFO - directory path \send\newBusinessDiscount\components\requestBlock is in components
2024-10-25 10:52:17,613 - INFO - directory path \send\newBusinessDiscount\components\sendAmount is in components
2024-10-25 10:52:17,614 - INFO - directory path \send\newBusinessDiscount\components\sendType is in components
2024-10-25 10:52:17,615 - INFO - directory path \send\newBusinessDiscount\cooperateCourier NOT in components
2024-10-25 10:52:17,615 - INFO - directory path \send\newBusinessDiscount\cooperateRecords NOT in components
2024-10-25 10:52:17,618 - INFO - directory path \send\newBusinessDiscount\courierRules NOT in components
2024-10-25 10:52:17,619 - INFO - directory path \send\newBusinessDiscount\newBusinessBill NOT in components
2024-10-25 10:52:17,621 - INFO - directory path \send\newBusinessDiscount\newBusinessRules NOT in components
2024-10-25 10:52:17,622 - INFO - directory path \send\newBusinessDiscount\newPayBusinessBill NOT in components
2024-10-25 10:52:17,624 - INFO - directory path \send\newBusinessDiscount\newRequest NOT in components
2024-10-25 10:52:17,625 - INFO - directory path \send\newBusinessDiscount\priceList NOT in components
2024-10-25 10:52:17,625 - INFO - directory path \send\newBusinessDiscount\queryCourier NOT in components
2024-10-25 10:52:17,626 - INFO - directory path \send\newOrder NOT in components
2024-10-25 10:52:17,627 - INFO - directory path \send\objectInfo NOT in components
2024-10-25 10:52:17,628 - INFO - directory path \send\objectInfo\components is in components
2024-10-25 10:52:17,629 - INFO - directory path \send\objectInfo\components\insure is in components
2024-10-25 10:52:17,630 - INFO - directory path \send\objectInfo\components\note is in components
2024-10-25 10:52:17,631 - INFO - directory path \send\objectInfo\components\object-type is in components
2024-10-25 10:52:17,632 - INFO - directory path \send\objectInfo\components\panel is in components
2024-10-25 10:52:17,633 - INFO - directory path \send\objectInfo\components\popup-forbidden-object is in components
2024-10-25 10:52:17,635 - INFO - directory path \send\objectInfo\components\sync-switch is in components
2024-10-25 10:52:17,636 - INFO - directory path \send\objectInfo\components\value-added is in components
2024-10-25 10:52:17,637 - INFO - directory path \send\objectInfo\components\weight is in components
2024-10-25 10:52:17,638 - INFO - directory path \send\objectInfo\components\weight-input is in components
2024-10-25 10:52:17,639 - INFO - directory path \send\scan NOT in components
2024-10-25 10:52:17,640 - INFO - directory path \send\scan\components is in components
2024-10-25 10:52:17,641 - INFO - directory path \send\scan\components\invalid-waybill-tip is in components
2024-10-25 10:52:17,642 - INFO - directory path \send\scan\components\waybill-tip is in components
2024-10-25 10:52:17,643 - INFO - directory path \send\serveIntro NOT in components
2024-10-25 10:52:17,644 - INFO - directory path \send\services NOT in components
2024-10-25 10:52:17,645 - INFO - directory path \send\services\carton NOT in components
2024-10-25 10:52:17,646 - INFO - directory path \send\services\dshk NOT in components
2024-10-25 10:52:17,646 - INFO - directory path \send\services\insure NOT in components
2024-10-25 10:52:17,647 - INFO - directory path \send\success NOT in components
2024-10-25 10:52:17,648 - INFO - directory path \send\success\components is in components
2024-10-25 10:52:17,649 - INFO - directory path \send\success\components\benefit is in components
2024-10-25 10:52:17,650 - INFO - directory path \send\success\components\expressman is in components
2024-10-25 10:52:17,652 - INFO - directory path \send\success\components\multi-receiver is in components
2024-10-25 10:52:17,653 - INFO - directory path \send\success\components\order-card is in components
2024-10-25 10:52:17,654 - INFO - directory path \send\success\components\service-site is in components
2024-10-25 10:52:17,655 - INFO - directory path \send\success\components\single-receiver is in components
2024-10-25 10:52:17,656 - INFO - directory path \send\success\components\site-coupon is in components
2024-10-25 10:52:17,657 - INFO - directory path \send\success\components\success-footer is in components
2024-10-25 10:52:17,658 - INFO - directory path \send\supermarket NOT in components
2024-10-25 10:52:17,658 - INFO - directory path \send\twoHours NOT in components
2024-10-25 10:52:17,659 - INFO - directory path \send\uploadEcReturnImg NOT in components
2024-10-25 10:52:17,660 - INFO - directory path \send\valueAdded NOT in components
2024-10-25 10:52:17,661 - INFO - directory path \send\welfare NOT in components
2024-10-25 10:52:17,662 - INFO - directory path \send\welfare\certificate NOT in components
2024-10-25 10:52:17,663 - INFO - directory path \send\welfare\components is in components
2024-10-25 10:52:17,664 - INFO - directory path \send\welfare\components\header-address is in components
2024-10-25 10:52:17,665 - INFO - directory path \send\welfare\components\note is in components
2024-10-25 10:52:17,667 - INFO - directory path \send\welfare\components\object-info is in components
2024-10-25 10:52:17,668 - INFO - directory path \send\welfare\components\receiver is in components
2024-10-25 10:52:17,669 - INFO - directory path \send\welfare\components\sender-receiver is in components
2024-10-25 10:52:17,671 - INFO - directory path \send\welfare\components\weight-counter is in components
2024-10-25 10:52:17,673 - INFO - directory path \send\welfare\detail NOT in components
2024-10-25 10:52:17,674 - INFO - directory path \static NOT in components
2024-10-25 10:52:17,675 - INFO - directory path \static\image NOT in components
2024-10-25 10:52:17,676 - INFO - directory path \year NOT in components
2024-10-25 10:52:17,677 - INFO - directory path \year\index NOT in components
2024-10-25 10:52:17,678 - INFO - directory path \__plugin__ NOT in components
2024-10-25 10:52:17,679 - INFO - directory path \__plugin__\wx104a1a20c3f81ec2 NOT in components
2024-10-25 10:52:17,680 - INFO - directory path \__plugin__\wx104a1a20c3f81ec2\assets NOT in components
