
Surveying miniprogram wxb032bc789053daf4_腾讯健康


Step 1: check config existence and modify config so that url can be processed unchecked

Step 2: Eliminate all missing pages

In total, there are 1 complete pages and 5 missing pages
{'exist': [], 'miss': ['week-report/main', 'home/main']}
unable to find subPackage pages/covid/. reducing from app.json
{'exist': [], 'miss': ['we-sports/index/main', 'we-sports/gain-badge/main', 'we-sports/medal-wall/main', 'we-sports/medal-progress/main', 'we-sports/ws-payment/main', 'we-sports/receive-rewards/vip-card/main', 'we-sports/records/main', 'we-sports/prize-records/main', 'common/subscribe/main', 'pyq-register/main', 'operation/main', 'operation/essilor/main', 'health-service/main', 'hair-care/main', 'aesthetic-medicine/main']}
unable to find subPackage pages/activity/. reducing from app.json
{'exist': [], 'miss': ['index/main']}
unable to find subPackage pages/medal/. reducing from app.json
{'exist': [], 'miss': ['home/main', 'record-list/main', 'record/main', 'record-edit/main', 'record-add/main', 'member-edit/main', 'health-history/health-history-list/main', 'health-history/health-history-view/main', 'health-history/health-history-form/main', 'case-module/new-case-upload/main', 'case-module/new-case-detail/main', 'case-module/case-upload/main', 'case-module/case-confirm/main', 'case-module/details-introduce/main']}
unable to find subPackage pages/archive/. reducing from app.json
{'exist': [], 'miss': ['home/main', 'tool-guide/main', 'evaluation/starting/main', 'evaluation/starting-two/main', 'evaluation/quiz/main', 'evaluation/result/main', 'evaluation/result-two/main', 'evaluation/history/main', 'evaluation/list/main']}
unable to find subPackage pages/chronic/. reducing from app.json
{'exist': ['navigate-to-mp/main', 'main'], 'miss': []}
{'exist': [], 'miss': ['home/main', 'usercenter/main', 'mydoctor/main', 'hoslist/main', 'card/main', 'scancode/main', 'scancode-nhsa/main', 'scancode-nhsa-error/main', 'selectprovince/main', 'credit-pay/auth/main', 'credit-pay/sign/main']}
unable to find subPackage pages/esscard/. reducing from app.json
{'exist': [], 'miss': ['description/main', 'evaluation/main', 'evaluation-list/main', 'result/main', 'result-detail/main', 'calculating-BMI/main', 'physical-evaluation/main']}
unable to find subPackage pages/healthtest/. reducing from app.json
{'exist': [], 'miss': ['home/main', 'home-new/main', 'home-latest/main', 'insurance-list/main', 'insurance-detail/main', 'insurance-recommend/main', 'auth/main', 'middle-page/main', 'insurance-calculator/main', 'health-card-landing/main']}
unable to find subPackage pages/health-insurance/. reducing from app.json
{'exist': [], 'miss': ['camera/drug-ocr', 'camera/main', 'city-not-match/main', 'shebao-activity-bind-guide/main', 'bind-guide/main', 'yibao-activity-bind-guide/main', 'disease-zone/main', 'disease-home-page/main', 'white-noise/index/main', 'userInfo/main']}
unable to find subPackage pages/help/. reducing from app.json
{'exist': [], 'miss': ['index/main']}
unable to find subPackage pages/doctor/. reducing from app.json
{'exist': [], 'miss': ['myfavorite/main', 'notic/main', 'notic/sec-list/main', 'notic/update/main', 'setting/main', 'authsetting/main', 'about/main', 'protocol/main', 'coupon/list/main', 'coupon/history/main', 'uncoupon/main', 'recommend-setting/main', 'my-hosp-list/main', 'my-doc-list/main', 'my-collected-doc-list/main', 'my-disease-list/main', 'personal/main']}
unable to find subPackage pages/usercenter/. reducing from app.json
{'exist': [], 'miss': ['exception/main']}
unable to find subPackage pages/common/. reducing from app.json
{'exist': [], 'miss': ['deptList/main', 'deptListSearch/main', 'deptDetail/main', 'preFill/main', 'reg/main', 'evaluation/main', 'info/main', 'confirm/main', 'orderList/main', 'branches/list/main', 'rule/main', 'advice/main', 'search/main', 'attention/main', 'platType/main', 'jump/main', 'searchEntry/main', 'auth/main', 'subject/main', 'middle/main', 'subject/read/main', 'middleList/main', 'pass/main', 'payment/main', 'video/main', 'channel/main', 'videoList/main']}
unable to find subPackage pages/registration/. reducing from app.json
{'exist': [], 'miss': ['add/main', 'add/member/main', 'add/selectcountry/main', 'add/selectnationality/main', 'list/main', 'auth-record/main', 'card/list/main', 'health-card/import/main', 'redirect/main']}
unable to find subPackage pages/patient/. reducing from app.json
{'exist': [], 'miss': ['mentality/main', 'sleep/main', 'mother-baby/main']}
unable to find subPackage pages/personal/. reducing from app.json
{'exist': [], 'miss': ['jump/main', 'weixin-status/main', 'landing-pop-ad/main', 'card-result/main', 'welfare/main']}
unable to find subPackage pages/healthcard/. reducing from app.json
{'exist': [], 'miss': ['authorize/main', 'list/main']}
unable to find subPackage pages/image-archives/. reducing from app.json
{'exist': [], 'miss': ['hoslist/main', 'hosindex/main', 'hosvideo/main']}
unable to find subPackage pages/register/. reducing from app.json
{'exist': [], 'miss': ['esscard/main', 'lung-subscribe/main', 'yibao-landing/main', 'qq-docs/main', 'health-code/main', 'guide-subscribe/main', 'common-subscribe/main', 'common-subscribe/ug/main', 'weekly-report-subscribe/main', 'subscribe-remind/main']}
unable to find subPackage pages/independent/. reducing from app.json
{'exist': [], 'miss': ['index/main', 'pregnancy/index/main', 'pregnancy/add/main', 'parenting/index/main', 'parenting/add/main']}
unable to find subPackage pages/mombaby/. reducing from app.json
{'exist': [], 'miss': ['main']}
unable to find subPackage pages/o2o-map/. reducing from app.json
{'exist': [], 'miss': ['index/main', 'order/index/main', 'pkg-list/main', 'pkg-detail/main', 'map/main']}
unable to find subPackage pages/nucleic-acid-test/. reducing from app.json
{'exist': [], 'miss': ['index/main', 'register/main']}
unable to find subPackage pages/partner/. reducing from app.json
{'exist': ['landing/main'], 'miss': []}
{'exist': ['main', 'result', 'insets', 'videos'], 'miss': []}
{'exist': [], 'miss': ['hospital', 'medicine', 'vaccine']}
unable to find subPackage pages/searchzone/. reducing from app.json
{'exist': [], 'miss': ['main']}
unable to find subPackage pages/selectprovince/. reducing from app.json
{'exist': [], 'miss': ['index/main', 'payment-list/main', 'payment-result/main']}
unable to find subPackage pages/outpatient-payment/. reducing from app.json
{'exist': ['umiao/home/main', 'umiao/oldhome/main', 'umiao/agency/main', 'umiao/authorization/main', 'umiao/vaccine-detail/main', 'umiao/inoculation/main', 'umiao/doc-detail/main', 'umiao/vacci-introduce/main', 'hpv/index/main', 'covid-19/main', 'covid-19-subscribe/main', 'reserve/main', 'reserve/hlj-authorization/main', 'vaccination-subscribe/main', 'order/comfirm/main', 'order/list/main', 'order/payment/main', 'order/detail/main', 'order/strategy/main', 'order/taocanPhoto/main', 'order/refund/main', 'activity/subscribe/main', 'activity/news/main', 'activity/coupon/main'], 'miss': []}
{'exist': [], 'miss': ['index/main', 'orderDetail/main']}
unable to find subPackage pages/online-clinic/. reducing from app.json
{'exist': [], 'miss': ['hosp-list/main', 'dept-list/main', 'service-detail/main', 'service-list/main', 'service-form/main', 'service-order/main', 'welfare/main', 'all-orders/main', 'orders-subscribe/main', 'orders-multi-subscribe/main', 'suborder-detail/main', 'middle/main', 'optometrist-list/main']}
unable to find subPackage pages/consumer-medicine/. reducing from app.json
{'exist': [], 'miss': ['invoice/main', 'search/main', 'hoslist/main', 'package-list/main', 'plan/jx-detail/main', 'order-select/main', 'order/report-analysis/main', 'mechanism/list/main', 'plan/list/main', 'plan/form-new/main', 'plan/info/main', 'plan/detail/main', 'report-authority/main', 'coupon-activity/main', 'tijian-strategy/main', 'report-result/main', 'health-evaluation/starting/main', 'health-evaluation/history/main', 'health-evaluation/result/main', 'health-evaluation/recommended-pkgs/main', 'health-evaluation/empty-page/main', 'hospital-service-package/confirm/main', 'hospital-service-package/detail/main', 'hospital-service-package/result/main', 'hospital-service-package/orderList/main', 'hospital-service-package/remarks/main', 'order-addition/main', 'addition-search/main', 'organizational-physical-list/main', 'promotion/main', 'promotion-detail/main', 'my-collect/main']}
unable to find subPackage pages/physical/. reducing from app.json
{'exist': [], 'miss': ['index/main', 'record-list/main', 'record-detail/main', 'gift-detail/main', 'answer-history/main', 'answer-history/challenge-start/main', 'answer-history/challenge-answer/main', 'answer-history/challenge-end/main', 'answer-history/challenge-review/main', 'medal/index/main', 'medal/detail/main', 'quiz-activity/starting/main', 'quiz-activity/index/main', 'quiz-activity/resurrect/main', 'sub-setting/list/main', 'sub-setting/detail/main', 'input-address/main', 'points-produce/main']}
unable to find subPackage pages/points/. reducing from app.json
{'exist': [], 'miss': ['index/main', 'detail/main', 'faq-detail/main', 'select-project/main', 'add-feedback/main', 'feedback-detail/main', 'submit-res/main']}
unable to find subPackage pages/customer-service/. reducing from app.json
{'exist': ['allService/main', 'reportOCR/index/main', 'reportOCR/preview/main', 'reportOCR/new-summary/main', 'reportOCR/detail/main', 'reportOCR/my-report-list/main', 'medicalAlarm/index/main', 'medicalAlarm/alarm-setting/main', 'medicalAlarm/alarm-detail/main', 'menstrualTool/home/main', 'menstrualTool/setting/main', 'menstrualTool/history/main', 'menstrualTool/remindSetting/main', 'weightBMI/index/main', 'weightBMI/setting/main', 'hpv/index/main', 'skinTool/index/main', 'skinTool/preview/main', 'skinTool/summary/main', 'skinTool/my-report-list/main', 'subscribePage/main'], 'miss': []}
{'exist': [], 'miss': ['chat/main', 'prepare/doctor-helper/main', 'prepare/quick-guide/main', 'order/detail/main', 'order/list/main', 'online/main', 'online/specialty', 'search/main', 'dept/main', 'my-doctors/main', 'comment-list/main', 'refactor/qualifications/main', 'protocol/index/main', 'protocol/agreement-detail/main', 'protocol/doctor-service-protocol/main', 'protocol/dingxiang-protocol/main', 'protocol/privacy-protocol/main', 'guide/doctor-more/main']}
unable to find subPackage pages/wenzhen-doctor/. reducing from app.json
{'exist': [], 'miss': ['medical-kit/main', 'detail/main', 'medicine-list/main', 'medical-records/main', 'drug-deficiency/main', 'medical-kit-list/main']}
unable to find subPackage pages/chronic-kit/. reducing from app.json
{'exist': [], 'miss': ['home/main', 'share/main', 'history/main']}
unable to find subPackage pages/ai-ask/. reducing from app.json
{'exist': ['pages/main/home/index', 'pages/main/healthCode/index', 'pages/main/selectCity/index', 'pages/main/familyMember/index', 'pages/main/middle/resultPage', 'pages/main/middle/redirectTo', 'pages/ad/insurance/index', 'pages/ad/welfare/index', 'pages/ad/sickReimburse/index', 'subPackages/setting/index', 'subPackages/authorizeRecord/index', 'subPackages/authorizeRecord/detail', 'subPackages/authorizeRecord/unbindGuide', 'pages/main/records/auth/list', 'pages/main/records/auth/detail', 'pages/main/records/auth/unbindGuide', 'pages/main/records/use/list', 'pages/main/records/use/detail'], 'miss': ['__plugin__/wxee969de81bba9a45/pages/insurance/index', '__plugin__/wxee969de81bba9a45/pages/result/index']}
{'exist': [], 'miss': ['pages/index/index', 'pages/service/index', 'pages/service/all-service', 'pages/service/personal-service', 'pages/service/si-calculate', 'pages/service/elderly-care', 'pages/service/pension-service', 'pages/service/special-work', 'pages/service/unemployment', 'pages/service/unemployment-service', 'pages/service/service-channel', 'pages/service/personnel', 'pages/service/more-service', 'pages/service/not-support', 'pages/service/pension-calculator', 'pages/scan-code/index', 'pages/select-city/select-province', 'pages/select-city/select-city', 'pages/guide/bind-guide', 'pages/guide/usage-guide', 'pages/personal-center/index', 'pages/common/auth', 'pages/common/hang-detail', 'pages/webview/main', 'pages/esscard/bind-transfer/main', 'pages/payment-zone/index', 'pages/payment-zone/payment', 'pages/payment-zone/guide', 'pages/si-inquiry/push-msg']}
unable to find subPackage shebao/. reducing from app.json
{'exist': ['pages/new_index/index/index', 'pages/new_index/more_service/index', 'pages/usercenter/index', 'pages/nhsa-code/index/index', 'pages/nhsa-code/index/children', 'pages/nhsa-code/index/result', 'pages/common-redirect/index', 'pages/common/webview/main', 'pages/payment/nhsa-pay-success', 'pages/payment/result', 'pages/service-area/support-institutions/index', 'pages/service-area/drug-store/index', 'pages/service-area/drug-store-detail/index', 'pages/service-area/hos-store/hos-list/index', 'pages/service-area/hos-store/hos-detail/index', 'customer-service-mini/pages/home/index', 'customer-service-mini/pages/vaccine/index', 'customer-service-mini/pages/leave-message/index', 'customer-service-mini/pages/leave-message-record/index', 'customer-service-mini/pages/leave-message-detail/index', 'customer-service-mini/pages/leave-message-success/index', 'customer-service-mini/pages/drug-instruction-detail/index', 'customer-service-mini/pages/notice-detail/index'], 'miss': []}
{'exist': [], 'miss': ['pages/family-account/common/sz-entry', 'pages/family-account/child-insurance/index', 'pages/family-account/child-insurance/list', 'pages/family-account/child-insurance/activation', 'pages/family-account/child-insurance/detail', 'pages/family-account/child-insurance/manage', 'pages/family-account/child-insurance/use-guide', 'pages/family-account/child-insurance/pwd-manage', 'pages/family-account/mutual-aid/index', 'pages/family-account/mutual-aid/home', 'pages/family-account/mutual-aid/consume/consume-record', 'pages/family-account/mutual-aid/consume/consume-detail', 'pages/family-account/family-affection/pages/index', 'pages/family-account/family-affection/pages/set-account', 'pages/family-account/family-affection/pages/consume-detail', 'pages/family-account/family-affection/pages/amend-quota', 'pages/family-account/family-affection/pages/consume-record', 'pages/family-account/proxy-activation/index', 'pages/family-account/proxy-activation/select-list', 'pages/family-account/proxy-activation/home', 'pages/family-account/proxy-activation/personal-center', 'pages/diff-seek/home/index', 'pages/diff-seek/hospital-result/index', 'pages/diff-seek/error-page/index', 'pages/diff-seek/hospital-detail/index', 'pages/diff-seek/footer-detail/index', 'pages/diff-seek/guide/index', 'pages/diff-seek/search-record/index', 'pages/diff-seek/record-tips/index', 'pages/diff-seek/all-question/index', 'pages/diff-seek/question-detail/index', 'pages/diff-seek/offline-institutions/index', 'pages/diff-seek/offsite-recording/index', 'pages/diff-seek/recording/index', 'pages/diff-seek/record-list/index', 'pages/diff-seek/record-detail/index']}
unable to find subPackage yibaoSub/. reducing from app.json
{'exist': [], 'miss': ['pages/mi-inquiry/question-guide/index', 'pages/mi-inquiry/question-guide/detail', 'pages/mi-inquiry/insurance-organization/index', 'pages/mi-inquiry/medical-insurance-terminal/index', 'pages/mi-inquiry/expense-bill/index', 'pages/family-account/mutual-aid/editable-home', 'pages/family-account/mutual-aid/bind', 'pages/service-area/supplement/index', 'pages/service-area/supplement/index-shebao', 'pages/service-area/supplement/index-jk-shebao', 'pages/service-area/supplement/my-insurance', 'pages/service-area/supplement-old/index', 'pages/service-area/supplement-old/user-notice', 'pages/service-area/supplement-old/my-insurance', 'pages/service-area/supplement/article-list', 'pages/service-area/birth-registration/home/index', 'pages/service-area/birth-registration/guide/index', 'pages/common/wesure-auth/index', 'pages/Clinic/clinic-list', 'pages/Clinic/clinic-add-family', 'pages/Clinic/error-page', 'pages/Clinic/insurance-place', 'pages/Clinic/change-location/fill-change-reason', 'pages/Clinic/change-location/change-location-promise', 'pages/Clinic/change-location/change-location-record', 'pages/Clinic/change-location/change-service-location', 'pages/mi-inquiry/account-change-history/payment', 'pages/mi-inquiry/account-change-history/expense', 'pages/mi-inquiry/account-change-history/payment-detail', 'pages/mi-inquiry/account-change-history/expense-detail', 'pages/pwd/set-pwd', 'pages/gd-select-hospital/home', 'pages/gd-select-hospital/change-hospital', 'pages/gd-select-hospital/location-list', 'pages/gd-select-hospital/application-progress', 'pages/family-account/national-family/index', 'pages/family-account/national-family/add', 'pages/family-account/national-family/upload-file', 'pages/family-account/national-family/online-sign', 'pages/family-account/national-family/take-photo', 'pages/family-account/national-family/detail', 'pages/family-account/national-family/review-status', 'pages/family-account/national-family/manage', 'pages/family-account/national-family/pwd-manage', 'pages/family-account/national-family/use-guide']}
unable to find subPackage yibaoFeeder/. reducing from app.json
{'exist': [], 'miss': ['pages/service-area/reimbursement/guide/index', 'pages/service-area/reimbursement/my-amount/index', 'pages/service-area/reimbursement/my-amount-detail/index', 'pages/service-area/reimbursement/reimbursement-record/index', 'pages/service-area/reimbursement/home/index', 'pages/service-area/reimbursement/reimbursement-list/index', 'pages/usercenter/subscribe-guide', 'pages/usercenter/account-change-notice', 'pages/usercenter/pwd-manage', 'pages/birth-registration/home/index', 'pages/birth-registration/add/index', 'pages/birth-registration/list/index', 'pages/birth-registration/detail/index', 'pages/birth-registration/success/index', 'pages/birth-registration/select-hospital/index', 'pages/birth-registration/select-city/index', 'pages/family-account/child-insurance/status', 'pages/family-account/hebei-auth/index', 'pages/service-area/pay-fee/home', 'pages/service-area/pay-fee/payment-question', 'pages/service-area/pay-fee/payment-type', 'pages/service-area/pay-fee/help-family', 'pages/service-area/pay-fee/self-use', 'pages/service-area/reimbursement-treatment/amount-calculation/index', 'pages/service-area/reimbursement-treatment/special-disease/index', 'pages/service-area/reimbursement-treatment/treatment-detail/index', 'pages/service-area/reimbursement-treatment/treatment-home/index', 'pages/service-area/reimbursement-treatment/acquisition-catalog/index', 'pages/service-area/reimbursement-treatment/drug-catalog/index', 'pages/service-area/reimbursement-treatment/medical-service/index', 'pages/service-area/reimbursement-treatment/negotiating-drugs/index', 'pages/service-area/reimbursement-treatment/questions/index']}
unable to find subPackage yibaoFourth/. reducing from app.json
{'exist': [], 'miss': ['pages/error/index', 'pages/hanging/index', 'pages/mi-inquiry/base-info/index', 'pages/mi-inquiry/mi-expense-info/index', 'pages/mi-inquiry/mi-expense-info-yibao/index', 'pages/mi-inquiry/mi-expense-detail/index', 'pages/mi-inquiry/mi-payment-info/index', 'pages/mi-inquiry/personal-mi-service/index', 'pages/mi-inquiry/local-mi-service/index', 'pages/mi-inquiry/ecert-bill/index', 'pages/mi-inquiry/monthly-bill/index', 'pages/mi-inquiry/push-msg-info/index', 'pages/external-partner-page/hubei-buy-drug/index']}
unable to find subPackage yibaoFifth/. reducing from app.json
{'exist': [], 'miss': ['pages/online/main', 'pages/online/specialty', 'pages/online/disease', 'pages/dept/main', 'pages/order/list/main', 'pages/search/main', 'pages/protocol/agreement-detail/main', 'pages/protocol/doctor-service-protocol/main', 'pages/protocol/dingxiang-protocol/main', 'pages/protocol/index/main', 'pages/protocol/privacy-protocol/main', 'pages/protocol/qualifications/main', 'pages/my-doctors/main', 'pages/guide/doctor-more/main', 'pages/multiple/main']}
unable to find subPackage wenzhen-doctor/. reducing from app.json
{'exist': [], 'miss': ['pages/chat/main', 'pages/prepare/doctor-helper/main', 'pages/prepare/quick-guide/main', 'pages/order/detail/main', 'pages/comment-list/main', 'pages/activity/landing/main', 'pages/activity/zhongyi/main', 'pages/activity/home/main', 'pages/activity/doctor-list/main', 'pages/doctor/index/main', 'pages/authorize/main']}
unable to find subPackage wenzhen/. reducing from app.json
{'exist': [], 'miss': []}
unable to find subPackage async-components/. reducing from app.json
{'exist': [], 'miss': []}
unable to find subPackage hb-common/async-components/. reducing from app.json
{'exist': [], 'miss': ['pages/activityPage/index']}
unable to find subPackage kbonePackage/. reducing from app.json
{'exist': [], 'miss': ['drug_detail/main', 'drug-list/main', 'video/main', 'doctor/main', 'subscribe_drug/main', 'video_list_next/main']}
unable to find subPackage pages/yidian/baike/. reducing from app.json
{'exist': [], 'miss': ['article/main', 'landing/main', 'overview/main', 'liveshow/main']}
unable to find subPackage pages/yidian/medpedia/. reducing from app.json
{'exist': [], 'miss': ['webview/main', 'baike_tool/health-content/main', 'baike_tool/health-content-v2/main', 'baike_tool/health-info-landing/main', 'baike_tool/middlePage/main', 'mlvb/room/main', 'mlvb/live-list/main']}
unable to find subPackage pages/yidian/sub1/. reducing from app.json
{'exist': [], 'miss': ['health-content/main', 'health-content-v2/main', 'health-info-landing/main', 'middlePage/main']}
unable to find subPackage pages/yidian/baike_tool/. reducing from app.json
{'exist': [], 'miss': ['main']}
unable to find subPackage pages/yidian/webview/. reducing from app.json
{'exist': [], 'miss': ['room/main', 'live-list/main']}
unable to find subPackage pages/yidian/mlvb/. reducing from app.json
{'exist': [], 'miss': ['pages/healthZone/index', 'pages/healthZone/selectDisease', 'pages/healthZone/oncologistConsulted/index', 'pages/healthZone/oncologistConsulted/expertTeamDetail', 'pages/healthZone/oncologistConsulted/expertTeamList', 'pages/healthZone/oncologistConsulted/doctorDetail', 'pages/healthZone/oncologistConsulted/reservationInformationCollection', 'pages/healthZone/oncologistConsulted/myApplyList', 'pages/healthZone/oncologistConsulted/applyDetail', 'pages/healthZone/oncologistConsulted/expertsRecommend', 'pages/healthZone/oncologistConsulted/agreement', 'pages/healthZone/tumorDoctorAppointment/index', 'pages/healthZone/tumorDoctorAppointment/more-diseases', 'pages/healthZone/tumorDoctorAppointment/more-experts', 'pages/healthZone/tumorDoctorAppointment/experts-selecte', 'pages/common/privacy', 'pages/common/webView', 'pages/authorize/goodDoctorKnow']}
unable to find subPackage tumour/. reducing from app.json
{'exist': [], 'miss': []}
unable to find subPackage /__wx__/. reducing from app.json
there are a total of 59 subPackages, of which 52 do not have corresponding files, and 7 has

Step 3: Check all inclusion of plugins in js scripts

found plugins: {'tencentCloudVideo': {'version': '0.1.1', 'provider': 'wx116d0dd5e6a39ac7', 'subpackage': '__APP__'}, 'chooseLocation': {'version': '1.0.6', 'provider': 'wx76a9a06e5b4e693e', 'subpackage': '__APP__'}, 'sendCoupon': {'version': 'latest', 'provider': 'wxf3f436ba9bd4be7b', 'subpackage': '/pages/points/'}, 'healthCard': {'version': '3.5.1', 'provider': 'wxee969de81bba9a45', 'subpackage': '/hc/'}, 'WechatSI': {'version': '0.3.5', 'provider': 'wx069ba97219f66d99', 'subpackage': '/yibao/'}}
checking for pattern re.compile('requirePlugin')
finding plugin pattern re.compile('requirePlugin') in C:/Users/zhiha/OneDrive/Desktop/auto-testing/miniapp_data/top50_data_copy\wxb032bc789053daf4_腾讯健康\yibao\common\uni-main-vendor.js
found instances of plugin in files ['C:/Users/zhiha/OneDrive/Desktop/auto-testing/miniapp_data/top50_data_copy\\wxb032bc789053daf4_腾讯健康\\yibao\\common\\uni-main-vendor.js']
