
Surveying miniprogram wxe9714e742209d35f_唯品会特卖


Step 1: check config existence and modify config so that url can be processed unchecked

Step 2: Eliminate all missing pages

In total, there are 24 complete pages and 4 missing pages
{'exist': ['pages/index/index'], 'miss': []}
{'exist': ['pages/index/index'], 'miss': []}
{'exist': ['pages/index/index', 'pages/classifyProductMain/classifyProductMain', 'pages/userCenterMain/userCenterMain'], 'miss': []}
{'exist': [], 'miss': ['pages/index/index']}
unable to find subPackage miniprogram_npm/@lightart/wxapp/platforms/wxapp/asyncSub/. reducing from app.json
{'exist': [], 'miss': ['pages/goodShoppingMain/goodShoppingMain', 'pages/topic/topic', 'pages/pkDetail/pkDetail', 'pages/repuImageReview/index']}
unable to find subPackage vipshop/goodShopping/. reducing from app.json
{'exist': [], 'miss': ['pages/coinDetailList/coinDetailList', 'pages/myVipcoin/myVipcoin', 'pages/myCoupon/myCoupon', 'pages/vipcoinThaw/vipcoinThaw', 'pages/order/landing/index', 'pages/useracs/go_online_customer_service', 'pages/userSign/userSign', 'pages/saleRemind/index', 'pages/userSetting/index', 'pages/userManage/index', 'pages/confirmLogout/index', 'pages/aboutVip/index', 'pages/privateSetting/index', 'pages/programAdsSetting/index', 'pages/userInfoPage/userInfoPage', 'pages/changeNickNamePage/changeNickNamePage']}
unable to find subPackage vipshop/user/. reducing from app.json
{'exist': [], 'miss': ['pages/addFitOrder/addFitOrder']}
unable to find subPackage vipshop/shop/. reducing from app.json
{'exist': ['pages/pay_page/index', 'pages/invoice/invoice/index', 'pages/invoice/detail/index', 'pages/pay/pay', 'pages/payAfterSale/payAfterSale', 'pages/unionPay/unionPay', 'pages/paySuccess/paySuccess', 'pages/daifu/index', 'pages/signPay/index'], 'miss': []}
{'exist': [], 'miss': ['pages/lowVersion/index', 'pages/router/router', 'pages/privacy/privacy', 'pages/applet/applet']}
unable to find subPackage vipshop/public/. reducing from app.json
{'exist': ['pages/combinepackageDetail/index', 'pages/landing/index', 'pages/cyclebuyCalendar/index', 'pages/logisticsInfo/logisticsInfo', 'pages/orderDetail/index', 'pages/invoiceDetail/index', 'pages/orderList/orderList', 'pages/orderList/searchResult', 'pages/orderListX/orderListX', 'pages/orderSpecificList/orderSpecificList', 'pages/applyRefund/index', 'pages/cancelOrderSuccess/index', 'pages/logisticsAppeal/index', 'pages/logisticsAppealNew/logisticsAppealNew', 'pages/inSuerOrder/inSuerOrderPage/inSuerOrderPage', 'pages/distributionMethod/index'], 'miss': []}
{'exist': ['pages/orderReputation/orderReputation', 'pages/addOrderRepu/addOrderRepu', 'pages/addOrderRepuSuccess/addOrderRepuSuccess', 'pages/addOrderRepuList/addOrderRepuList', 'pages/reputationDetail/reputationDetail', 'pages/repuPhotoAlbum/index'], 'miss': []}
{'exist': ['pages/filter/index'], 'miss': []}
{'exist': ['pages/loginWx/loginWx', 'pages/loginPhone/loginPhone', 'pages/loginFds/loginFds', 'pages/bindPhone/bindPhone', 'pages/loginPhoneOrPw/index', 'pages/loginHistory/index', 'pages/loginCaptcha/index', 'pages/appLogin/index'], 'miss': []}
{'exist': ['pages/searchList/searchList', 'pages/addFitOrder/addFitOrder', 'pages/brand/brand', 'pages/searchBrand/searchBrand', 'pages/similar/similar', 'pages/autoList/autoList', 'pages/mpstore/mpstore', 'pages/favouriteList/favouriteList', 'pages/favouriteBrand/index', 'pages/favouriteBrandSearch/index', 'pages/searchResult/searchResult', 'pages/brandStore/brandStore', 'pages/brandStore/scoreDetail/index', 'pages/brandStore/receivedWel/index', 'pages/brandStore/myScore/index', 'pages/brandStore/multiVendor/index', 'pages/themeList/themeList', 'pages/brandMember/brandMember', 'pages/searchSuggest/searchSuggest', 'pages/regularPurchaseBrandList/index'], 'miss': []}
{'exist': [], 'miss': ['pages/microProductGoodShop']}
unable to find subPackage vipshop/microProductGoodShop/. reducing from app.json
{'exist': ['pages/index'], 'miss': []}
{'exist': [], 'miss': ['pages/index']}
unable to find subPackage vipshop/bindgzhGuide/. reducing from app.json
{'exist': [], 'miss': ['pages/searchByPic']}
unable to find subPackage vipshop/searchbypic/. reducing from app.json
{'exist': [], 'miss': ['pages/gDiamond/index']}
unable to find subPackage vipshop/gDiamond/. reducing from app.json
{'exist': [], 'miss': ['pages/address_list/index', 'pages/addressEdit/addressEdit']}
unable to find subPackage vipshop/address/. reducing from app.json
{'exist': ['pages/appCoupon/appCoupon', 'pages/cartCoupon/cartCoupon', 'pages/myCoupon/myCoupon', 'pages/historyCoupon/historyCoupon', 'pages/outletCoupon/myCoupon', 'pages/offlineShop/index'], 'miss': []}
{'exist': [], 'miss': ['pages/coinDetailList/coinDetailList', 'pages/myVipcoin/myVipcoin', 'pages/vipcoinThaw/vipcoinThaw']}
unable to find subPackage vipshop/coin/. reducing from app.json
{'exist': [], 'miss': ['pages/tmp']}
unable to find subPackage vipshop/tmp/. reducing from app.json
{'exist': ['pages/preview/index', 'pages/main/index'], 'miss': []}
{'exist': [], 'miss': ['pages/index']}
unable to find subPackage vipshop/userEducation/. reducing from app.json
{'exist': [], 'miss': ['pages/index']}
unable to find subPackage vipshop/shareActivity/productCashback/. reducing from app.json
{'exist': [], 'miss': ['pages/index']}
unable to find subPackage vipshop/shareActivity/productCashbackV2/. reducing from app.json
{'exist': ['pages/categoryList/index', 'pages/msgList/index'], 'miss': []}
{'exist': [], 'miss': ['pages/landing/index', 'pages/landingSkyline/landingSkyline', 'pages/userLanding/index', 'pages/offlineShop/index', 'pages/offlineSvip/index', '__plugin__/wx7f7e7540b604d784/pages/goods/index/index', '__plugin__/wx7f7e7540b604d784/pages/goods/mygoods/index', '__plugin__/wx7f7e7540b604d784/pages/opensetting/opensetting', '__plugin__/wx7f7e7540b604d784/pages/role/role', '__plugin__/wx7f7e7540b604d784/pages/branchlist/index', '__plugin__/wx7f7e7540b604d784/pages/priviInstruction/index', '__plugin__/wx7f7e7540b604d784/pages/privilegelist/index', '__plugin__/wx7f7e7540b604d784/pages/getVoucher/gift/gift', '__plugin__/wx7f7e7540b604d784/pages/getVoucher/getVoucher']}
unable to find subPackage vipshop/customer/. reducing from app.json
{'exist': [], 'miss': ['pages/share/index', 'pages/beautyShare/index', 'pages/beautyShareV2/index']}
unable to find subPackage vipshop/sharePage/. reducing from app.json
{'exist': ['pages/productDetail/productDetail', 'pages/robotShareProduct/robotShareProduct', 'pages/productSizeMeasure/productSizeMeasure', 'pages/detailQaPage/detailQaPage', 'pages/productAskQa/index', 'pages/productQaDetail/index', 'pages/selfQaPage/selfQaPage', 'pages/postAskQaPage/postAskQaPage', 'pages/moreSuitePage/moreSuitePage', 'pages/productWearReportPage/productWearReportPage', 'pages/lotCodeTool/lotCodeTool'], 'miss': ['pages/selfQaPageSkyline/selfQaPageSkyline']}
{'exist': [], 'miss': ['pages/shareEntry/index', 'pages/coupon/index', 'pages/actInfo/index', 'pages/allowanceList/index', 'pages/allowanceHistory/index']}
unable to find subPackage vipshop/allowance/. reducing from app.json
{'exist': [], 'miss': ['pages/home/home']}
unable to find subPackage vipshop/livePlayer/. reducing from app.json
{'exist': [], 'miss': ['pages/dnm/index']}
unable to find subPackage vipshop/robot/. reducing from app.json
{'exist': ['pages/index'], 'miss': []}
{'exist': [], 'miss': ['pages/index']}
unable to find subPackage vipshop/limitedSubsidy/. reducing from app.json
{'exist': [], 'miss': ['pages/index']}
unable to find subPackage vipshop/sharePrice/. reducing from app.json
{'exist': [], 'miss': ['pages/index']}
unable to find subPackage vipshop/shareAction/. reducing from app.json
{'exist': [], 'miss': ['pages/inviteEarn/index', 'pages/inviteEarnOrder/index']}
unable to find subPackage vipshop/inviteEarn/. reducing from app.json
{'exist': [], 'miss': ['index']}
unable to find subPackage vipshop/shareActivity/complaint/. reducing from app.json
{'exist': [], 'miss': ['index']}
unable to find subPackage vipshop/shareActivity/subPage/. reducing from app.json
{'exist': [], 'miss': ['index']}
unable to find subPackage vipshop/shareActivity/subBrowerTask/. reducing from app.json
{'exist': [], 'miss': ['pages/index']}
unable to find subPackage vipshop/shareActivity/shareAct/. reducing from app.json
{'exist': [], 'miss': ['pages/index']}
unable to find subPackage vipshop/shareActivity/handLuckRedPacket/. reducing from app.json
{'exist': [], 'miss': ['pages/index']}
unable to find subPackage vipshop/shareActivity/packageCard/. reducing from app.json
{'exist': [], 'miss': ['pages/index']}
unable to find subPackage vipshop/shareActivity/appDownloadReward/. reducing from app.json
{'exist': [], 'miss': ['pages/index']}
unable to find subPackage vipshop/shareActivity/appCouponV2/. reducing from app.json
{'exist': ['pages/newInfo/index', 'pages/info/index', 'pages/mall/index', 'pages/record/index', 'pages/museum/index', 'pages/adventure/index'], 'miss': []}
{'exist': ['pages/main/index', 'pages/map/index', 'pages/shareInvite/index'], 'miss': []}
{'exist': [], 'miss': ['pages/index/index']}
unable to find subPackage vipshop/luckyDraw/. reducing from app.json
{'exist': [], 'miss': ['pages/index']}
unable to find subPackage vipshop/shareActivity/redPackCover/. reducing from app.json
{'exist': [], 'miss': ['pages/home/home', 'pages/fight/fight']}
unable to find subPackage vipshop/shareActivity/redPackCoverTask/. reducing from app.json
{'exist': [], 'miss': ['pages/index']}
unable to find subPackage vipshop/shareActivity/redPackCoverV2/. reducing from app.json
{'exist': [], 'miss': ['pages/index']}
unable to find subPackage vipshop/shareActivity/redPackCoverQun/. reducing from app.json
{'exist': [], 'miss': ['pages/index', 'pages/complaint/index']}
unable to find subPackage vipshop/shareActivity/luckyPrice/. reducing from app.json
{'exist': [], 'miss': ['pages/inviteEarn/index', 'pages/inviteEarnOrder/index']}
unable to find subPackage vipshop/shareActivity/inviteEarn/. reducing from app.json
{'exist': [], 'miss': ['pages/index/index', 'pages/parking/index', 'pages/parking/payrecords', 'pages/parking/result', 'pages/parking/myCar/index', 'pages/parking/bindCar/index', 'subpages/checkout/index', 'subpages/coupon/center/index', 'subpages/coupon/invalid/index', 'subpages/electronicInvoice/index', 'subpages/electronicInvoice/detail', 'subpages/memberCenter/index', 'subpages/memberCenter/integral/index', 'subpages/memberCenter/integral/detail', 'subpages/memberCenter/integral/exchangeDetail', 'subpages/order/pages/orderDetail', 'subpages/order/pages/orderList', 'subpages/order/logisticsDetail/index', 'subpages/productDetail/productDetail', 'subpages/seckill/index', 'subpages/shop/index', 'subpages/brand/index', 'subpages/brandNavigation/index', 'subpages/paySuccess/index', 'subpages/onePrice/index', 'subpages/virtualCoupon/index', 'subpages/brandNavigation/storeMap/index', 'subpages/brandNavigation/storeDetail/index', 'subpages/brandNavigation/searchStore/index', 'subpages/productDetail/couponDetail', 'subpages/coupon/communityCoupon/index', 'subpages/coupon/newCommunityCoupon/index', 'subpages/newVirtualCoupon/index', 'subpages/seckillActivity/index', 'subpages/coupon/iceCreamCoupon/index', 'subpages/coupon/couponManage/index', 'subpages/coupon/couponManage/couponManageLcp/index', 'subpages/zone/index']}
unable to find subPackage vipshop/outlet/. reducing from app.json
{'exist': [], 'miss': ['pages/home/home', 'pages/history/history', 'pages/coupons/coupons', 'pages/prize/prize', 'pages/wheel/wheel']}
unable to find subPackage vipshop/candy/. reducing from app.json
{'exist': ['pages/live/index', 'pages/awardInfo/index', 'pages/replayVideo/index', 'pages/awardHistroy/index'], 'miss': []}
{'exist': [], 'miss': ['pages/liveSearch/index']}
unable to find subPackage vipshop/liveAsync/. reducing from app.json
{'exist': [], 'miss': ['pages/home/home', 'pages/group/group']}
unable to find subPackage vipshop/shareActivity/inviteEarnV2/. reducing from app.json
{'exist': [], 'miss': ['pages/home/home', 'pages/fight/fight']}
unable to find subPackage vipshop/shareActivity/oldBringNew/. reducing from app.json
{'exist': [], 'miss': ['pages/home/home', 'pages/fight/fight']}
unable to find subPackage vipshop/shareActivity/subsidyRedPacket/. reducing from app.json
{'exist': [], 'miss': ['pages/lottery/lottery', 'pages/prize/prize']}
unable to find subPackage vipshop/shareActivity/luckyLottery/. reducing from app.json
{'exist': [], 'miss': ['pages/launch/launch', 'pages/vote/vote']}
unable to find subPackage vipshop/shareActivity/pickForMe/. reducing from app.json
{'exist': [], 'miss': ['pages/home/home', 'pages/fight/fight', 'pages/couponPackage/index', 'pages/couponPackage/fight']}
unable to find subPackage vipshop/shareActivity/shareRedPacket/. reducing from app.json
{'exist': [], 'miss': ['pages/home/home']}
unable to find subPackage vipshop/shareActivity/groupWelfareCenter/. reducing from app.json
{'exist': [], 'miss': ['pages/index/index']}
unable to find subPackage vipshop/shareActivity/operation/. reducing from app.json
{'exist': [], 'miss': ['pages/fight/fight', 'pages/land/land']}
unable to find subPackage vipshop/shareActivity/cartShare/. reducing from app.json
{'exist': [], 'miss': ['pages/channel/index', 'pages/videoContent/index', 'pages/landing/index', 'pages/userHome/index', 'pages/brandHome/index', 'pages/editInfo/index', 'pages/relateList/index', 'pages/editForm/index', 'pages/topicHome/index', 'pages/publishTool/index', 'pages/selectGoods/index', 'pages/selectTopics/index', 'pages/rewardDetail/rewardDetail', 'pages/creationCenter/index', 'pages/editImage/index', 'pages/contentShowPage/contentShowPage', 'pages/ascription/index']}
unable to find subPackage vipshop/haokan/. reducing from app.json
{'exist': [], 'miss': ['pages/shop/index', 'pages/edit/edit']}
unable to find subPackage vipshop/communityBuy/. reducing from app.json
{'exist': [], 'miss': ['clipper']}
unable to find subPackage miniprogram_npm/@wxnpm/wx-img-clipper/. reducing from app.json
{'exist': [], 'miss': ['pages/fight/fight']}
unable to find subPackage vipshop/shareActivity/subsidyLottery/. reducing from app.json
{'exist': [], 'miss': ['pages/home/home']}
unable to find subPackage vipshop/shareActivity/shareGift/. reducing from app.json
{'exist': [], 'miss': ['pages/subscribe/subscribe', 'pages/reward/reward']}
unable to find subPackage vipshop/shareActivity/monthReward/. reducing from app.json
{'exist': [], 'miss': ['pages/index/index', 'pages/like/index']}
unable to find subPackage vipshop/jimei/. reducing from app.json
{'exist': [], 'miss': ['pages/checkin/checkin']}
unable to find subPackage vipshop/shareActivity/groupCheckIn/. reducing from app.json
{'exist': [], 'miss': ['pages/index/index', 'pages/open/open', 'pages/bind/bind', 'pages/register/register', 'pages/result/result', 'pages/shareTask/shareTask', 'pages/enterpriseWechat/enterpriseWechat', 'pages/authorizeAvatar/authorizeAvatar']}
unable to find subPackage vipshop/wxk/. reducing from app.json
{'exist': [], 'miss': ['pages/index/index']}
unable to find subPackage vipshop/webview/. reducing from app.json
{'exist': [], 'miss': ['pages/index/index', 'pages/webview/webview', 'pages/pay/pay']}
unable to find subPackage vipshop/gdTradeUnion/. reducing from app.json
{'exist': [], 'miss': ['pages/home/home']}
unable to find subPackage vipshop/shareActivity/awardStepBack/. reducing from app.json
{'exist': [], 'miss': ['pages/index']}
unable to find subPackage vipshop/shareActivity/posterLogin/. reducing from app.json
{'exist': [], 'miss': ['pages/calendar/calendar']}
unable to find subPackage vipshop/calendar/. reducing from app.json
{'exist': ['index'], 'miss': []}
{'exist': [], 'miss': ['pages/home/home', 'pages/face/face', 'mp_ecard_sdk/index/index', 'mp_ecard_sdk/protocol/service/index', 'mp_ecard_sdk/protocol/privacy/index', 'mp_ecard_sdk/protocol/userAccredit/index', 'mp_ecard_sdk/protocol/eid/index']}
unable to find subPackage vipshop/faceDetect/. reducing from app.json
{'exist': [], 'miss': ['pages/myAssets/myAssets']}
unable to find subPackage vipshop/myAssets/. reducing from app.json
{'exist': [], 'miss': ['pages/index']}
unable to find subPackage vipshop/shareActivity/shareGetCoupon/. reducing from app.json
{'exist': [], 'miss': ['pages/index']}
unable to find subPackage vipshop/shareActivity/productWish/. reducing from app.json
{'exist': [], 'miss': ['channel/index']}
unable to find subPackage vipshop/main/. reducing from app.json
{'exist': [], 'miss': ['pages/main/index']}
unable to find subPackage vipshop/goodSaveMoney/. reducing from app.json
{'exist': [], 'miss': ['pages/getWxRunPage/index']}
unable to find subPackage vipshop/carbonPlatform/. reducing from app.json
{'exist': [], 'miss': ['pages/verifyPage/index']}
unable to find subPackage vipshop/studentVerify/. reducing from app.json
there are a total of 92 subPackages, of which 73 do not have corresponding files, and 19 has

Step 3: Check all inclusion of plugins in js scripts

found plugins: {'sendCoupon': {'version': '1.1.7', 'provider': 'wxf3f436ba9bd4be7b', 'subpackage': '__APP__'}, 'live-player-plugin': {'version': '1.2.8', 'provider': 'wx2b03c6e691cd7370', 'subpackage': '__APP__'}, 'getCardPlugin': {'version': '1.0.3', 'provider': 'wx1e59a8aff6c76f2f', 'subpackage': '/vipshop/asyncSub/package2/'}, 'contactPlugin': {'version': '1.3.1', 'provider': 'wx104a1a20c3f81ec2', 'subpackage': '/miniprogram_npm/@lightart/wxapp/platforms/wxapp/asyncSub/'}, 'mercPlugin': {'version': '2.2.1', 'provider': 'wx7f7e7540b604d784', 'subpackage': '/vipshop/customer/'}, 'studentVerify': {'version': 'latest', 'provider': 'wxa16657d57059e0f0', 'subpackage': '/vipshop/studentVerify/'}}
checking for pattern re.compile('requirePlugin')
finding plugin pattern re.compile('requirePlugin') in C:/Users/zhiha/OneDrive/Desktop/bella-auto-testing/miniapp_data/last25_data_copy\wxe9714e742209d35f_唯品会特卖\modules\livePlayer\index.js
found instances of plugin in files ['C:/Users/zhiha/OneDrive/Desktop/bella-auto-testing/miniapp_data/last25_data_copy\\wxe9714e742209d35f_唯品会特卖\\modules\\livePlayer\\index.js']
