
Surveying miniprogram wxece3a9a4c82f58c9_饿了么


Step 1: check config existence and modify config so that url can be processed unchecked

Step 2: Eliminate all missing pages

In total, there are 10 complete pages and 0 missing pages
{'exist': [], 'miss': ['index']}
unable to find subPackage pages/api-debug/. reducing from app.json
{'exist': [], 'miss': ['index']}
unable to find subPackage pages/mini-detector/. reducing from app.json
{'exist': [], 'miss': ['pages/index']}
unable to find subPackage 404/. reducing from app.json
{'exist': [], 'miss': ['pages/index/index']}
unable to find subPackage ele-takeout-index/. reducing from app.json
{'exist': [], 'miss': ['location']}
unable to find subPackage pages/location/. reducing from app.json
{'exist': [], 'miss': ['address']}
unable to find subPackage pages/address/. reducing from app.json
{'exist': [], 'miss': ['h5pay/index']}
unable to find subPackage pages/newretail/. reducing from app.json
{'exist': [], 'miss': ['index']}
unable to find subPackage pages/redirect/. reducing from app.json
{'exist': [], 'miss': ['web/index']}
unable to find subPackage pages/sharePid/. reducing from app.json
{'exist': [], 'miss': ['detail/order-detail']}
unable to find subPackage pages/order/. reducing from app.json
{'exist': [], 'miss': ['index']}
unable to find subPackage pages/pay/. reducing from app.json
{'exist': [], 'miss': ['index']}
unable to find subPackage pages/ka/. reducing from app.json
{'exist': [], 'miss': ['index']}
unable to find subPackage pages/wxpay/. reducing from app.json
{'exist': [], 'miss': ['index']}
unable to find subPackage pages/redirect-miniapp/. reducing from app.json
{'exist': [], 'miss': ['index']}
unable to find subPackage pages/auth/. reducing from app.json
{'exist': ['pages/fillUserInfoTest/index'], 'miss': []}
{'exist': ['pages/index/index'], 'miss': []}
{'exist': [], 'miss': ['pages/lucky/index', 'pages/welfare/index', 'pages/snowball/index', 'pages/income/index', 'pages/welfare-draw/index', 'pages/evaluate/index']}
unable to find subPackage big-coupon/. reducing from app.json
{'exist': [], 'miss': ['pages/new-channel/new-channel']}
unable to find subPackage newretail/. reducing from app.json
{'exist': [], 'miss': ['pages/index/index']}
unable to find subPackage fission-task/. reducing from app.json
{'exist': ['pages/wx-index/index'], 'miss': []}
{'exist': ['src/pages/main/index', 'src/pages/category/index'], 'miss': []}
{'exist': [], 'miss': ['pages/favour/index']}
unable to find subPackage paymentEntry/. reducing from app.json
{'exist': [], 'miss': ['pages/index/index']}
unable to find subPackage ele-payment/. reducing from app.json
{'exist': ['pages/wh-coupon-guide/index', 'pages/web/index', 'pages/bwc-search/index', 'pages/test-ad/index', 'pages/brands-activity/index', 'pages/daily-special-price-foods-guide/index', 'pages/coupon-hoard-guide/index', 'pages/taoke-coupons/index', 'pages/ug-brand/index'], 'miss': []}
{'exist': [], 'miss': ['pages/shopping-guide/index']}
unable to find subPackage taoke/. reducing from app.json
{'exist': ['settings/pages/index/index', 'settings/pages/account/index', 'settings/pages/privacy/index', 'settings/pages/welfare/index', 'settings/pages/redirect/index', 'settings/pages/afunshare/index'], 'miss': []}
{'exist': [], 'miss': ['ele-takeout-index/ele-takeout-index', 'ele-product-detail/ele-product-detail', 'ele-order-detail-tb/ele-order-detail-tb']}
unable to find subPackage ele-istore/. reducing from app.json
{'exist': ['ele-takeout-index/ele-takeout-index', 'ele-order-detail-tb/ele-order-detail-tb', 'ele-order-detail-tb/pages/edit-tb/index', 'ele-order-detail-tb/pages/fee/index', 'ele-takeout-index/pages/banner-commodities/banner-commodities', 'ele-takeout-index/pages/map/map', 'ele-index-search/ele-index-search', 'ele-product-detail/ele-product-detail', 'ele-product-detail/pages/food-evaluate/food-evaluate', 'ele-checkout-tb/ele-checkout-tb', 'ele-checkout-tb/pages/notes/notes', 'ele-select-hongbao-tb2/ele-select-hongbao-tb2', 'ele-nearby-shops/ele-nearby-shops', 'ele-shop-combo/index', 'ele-shop-combo-new/index', 'ele-generic-card/index', 'ele-shop-reserve/ele-shop-reserve', 'ele-select-address-tb/index', 'ele-shop-video/ele-shop-video'], 'miss': []}
{'exist': [], 'miss': ['pages/index/index']}
unable to find subPackage svip-dlc/. reducing from app.json
{'exist': [], 'miss': ['pages/index/index']}
unable to find subPackage alsc-growth-omni/. reducing from app.json
{'exist': [], 'miss': ['pages/ele-pindan-bill/index', 'pages/ele-pindan/index']}
unable to find subPackage ele-pindan/. reducing from app.json
{'exist': [], 'miss': ['pages/pay/index', 'pages/redirect/index']}
unable to find subPackage svip/. reducing from app.json
{'exist': [], 'miss': ['pages/index/index', 'pages/rightsCenter/index', 'pages/newRightsCenter/index', 'pages/webview/index', 'pages/landing/index', 'pages/myBonusPoint/index', 'pages/dinamicCouponList/index', 'pages/pointMallIndex/index', 'pages/pointExchangeDetail/index', 'pages/pointExchangeRecords/index', 'pages/userAgreement/index', 'pages/protocolPage/index', 'pages/privilegeInfoPage/index', 'pages/fillUserInfo/index', 'pages/starBucksPage/index', 'pages/couponDetail/index']}
unable to find subPackage l100/. reducing from app.json
{'exist': ['pages/ele-debug/index', 'pages/ele-evaluate-order/ele-evaluate-order', 'pages/ele-evaluate-done/ele-evaluate-done', 'pages/ele-evaluate-center/ele-evaluate-center'], 'miss': []}
{'exist': ['pages/home/index', 'pages/admin-qr/index', 'pages/group-fission/index', 'pages/fission-record/index', 'pages/draw-packet/index', 'pages/guest/index', 'pages/afun-subscribe/index', 'pages/qrcode/index', 'pages/mid/index', 'pages/afun-share/index', 'pages/afun-remind/index'], 'miss': []}
{'exist': ['pages/index/index'], 'miss': []}
{'exist': [], 'miss': ['pages/index/index', 'pages/homepage/index', 'pages/gifts/index', 'pages/gifts-svip/index', 'pages/profit-detail/index', 'pages/material/index', 'pages/live-code/index']}
unable to find subPackage group-chat/. reducing from app.json
{'exist': ['pages/route-middle-page/index', 'pages/taoke-guide/index', 'pages/coupon-limit-store/index', 'pages/compose-reduce-guide/index', 'pages/single-shop-reduce-guide/index', 'pages/into-store-task-wt/index', 'pages/media-coupon-page/index', 'pages/bdlm-ls-guide/index', 'pages/single-media-reduce-guide/index', 'pages/18cuopon-guide/index'], 'miss': []}
{'exist': [], 'miss': ['pages/index/index', 'pages/guest/index', 'pages/guest-fire/index', 'pages/my-award/index']}
unable to find subPackage ele-recommend-price/. reducing from app.json
{'exist': [], 'miss': ['pages/search/search', 'pages/search-result/search-result']}
unable to find subPackage ele-search/. reducing from app.json
{'exist': ['pages/main-page/index', 'pages/history_page/index', 'pages/main_page/index', 'vouchers_landing/pages/vouchers_landing_page/vouchers_landing_page'], 'miss': []}
{'exist': ['pages-payment/result/index', 'pages-poi/address/index', 'pages-poi/list/index', 'pages-poi/order/index', 'pages-poi/edit/index', 'pages-poi/map/index', 'pages-poi/city/index'], 'miss': []}
{'exist': [], 'miss': ['pages/index/index', 'pages/checkout/index', 'pages/super-detail/index', 'pages/generic-card/index', 'pages/generic-detail/index', 'pages/order-detail/index', 'pages/order-success/index', 'pages/subsidy/index', 'pagesAddress/brand-shop/index', 'pagesOrder/order-detail/index', 'pagesOrder/refund/index', 'pagesOrder/order-success/index', 'pagesOrder/order-success-dy/index', 'pagesOthers/pages-webview/index']}
unable to find subPackage ele-voucher/. reducing from app.json
there are a total of 44 subPackages, of which 31 do not have corresponding files, and 13 has

Step 3: Check all inclusion of plugins in js scripts

found plugins: {'materialPlugin': {'version': '1.0.5', 'provider': 'wx4d2deeab3aed6e5a', 'subpackage': '/fan-benefits/'}}
checking for pattern re.compile('requirePlugin')
finding plugin pattern re.compile('requirePlugin') in C:/Users/zhiha/OneDrive/Desktop/auto-testing/miniapp_data/top50_data_copy\wxece3a9a4c82f58c9_饿了么\mor.v.js
finding plugin pattern re.compile('requirePlugin') in C:/Users/zhiha/OneDrive/Desktop/auto-testing/miniapp_data/top50_data_copy\wxece3a9a4c82f58c9_饿了么\aife\mor.v.js
finding plugin pattern re.compile('requirePlugin') in C:/Users/zhiha/OneDrive/Desktop/auto-testing/miniapp_data/top50_data_copy\wxece3a9a4c82f58c9_饿了么\brand-member-center-mini\mor.v.js
finding plugin pattern re.compile('requirePlugin') in C:/Users/zhiha/OneDrive/Desktop/auto-testing/miniapp_data/top50_data_copy\wxece3a9a4c82f58c9_饿了么\ele-cmp\mor.c.js
finding plugin pattern re.compile('requirePlugin') in C:/Users/zhiha/OneDrive/Desktop/auto-testing/miniapp_data/top50_data_copy\wxece3a9a4c82f58c9_饿了么\ele-estore\mor.c.js
finding plugin pattern re.compile('requirePlugin') in C:/Users/zhiha/OneDrive/Desktop/auto-testing/miniapp_data/top50_data_copy\wxece3a9a4c82f58c9_饿了么\ele-evaluate-order\mor.v.js
finding plugin pattern re.compile('requirePlugin') in C:/Users/zhiha/OneDrive/Desktop/auto-testing/miniapp_data/top50_data_copy\wxece3a9a4c82f58c9_饿了么\king-home-alipay\mor.v.js
finding plugin pattern re.compile('requirePlugin') in C:/Users/zhiha/OneDrive/Desktop/auto-testing/miniapp_data/top50_data_copy\wxece3a9a4c82f58c9_饿了么\pages\orderlist\mor.v.js
finding plugin pattern re.compile('requirePlugin') in C:/Users/zhiha/OneDrive/Desktop/auto-testing/miniapp_data/top50_data_copy\wxece3a9a4c82f58c9_饿了么\takeoutdeliciousfood\mor.v.js
finding plugin pattern re.compile('requirePlugin') in C:/Users/zhiha/OneDrive/Desktop/auto-testing/miniapp_data/top50_data_copy\wxece3a9a4c82f58c9_饿了么\vouchers\mor.v.js
found instances of plugin in files ['C:/Users/zhiha/OneDrive/Desktop/auto-testing/miniapp_data/top50_data_copy\\wxece3a9a4c82f58c9_饿了么\\mor.v.js', 'C:/Users/zhiha/OneDrive/Desktop/auto-testing/miniapp_data/top50_data_copy\\wxece3a9a4c82f58c9_饿了么\\aife\\mor.v.js', 'C:/Users/zhiha/OneDrive/Desktop/auto-testing/miniapp_data/top50_data_copy\\wxece3a9a4c82f58c9_饿了么\\brand-member-center-mini\\mor.v.js', 'C:/Users/zhiha/OneDrive/Desktop/auto-testing/miniapp_data/top50_data_copy\\wxece3a9a4c82f58c9_饿了么\\ele-cmp\\mor.c.js', 'C:/Users/zhiha/OneDrive/Desktop/auto-testing/miniapp_data/top50_data_copy\\wxece3a9a4c82f58c9_饿了么\\ele-estore\\mor.c.js', 'C:/Users/zhiha/OneDrive/Desktop/auto-testing/miniapp_data/top50_data_copy\\wxece3a9a4c82f58c9_饿了么\\ele-evaluate-order\\mor.v.js', 'C:/Users/zhiha/OneDrive/Desktop/auto-testing/miniapp_data/top50_data_copy\\wxece3a9a4c82f58c9_饿了么\\king-home-alipay\\mor.v.js', 'C:/Users/zhiha/OneDrive/Desktop/auto-testing/miniapp_data/top50_data_copy\\wxece3a9a4c82f58c9_饿了么\\pages\\orderlist\\mor.v.js', 'C:/Users/zhiha/OneDrive/Desktop/auto-testing/miniapp_data/top50_data_copy\\wxece3a9a4c82f58c9_饿了么\\takeoutdeliciousfood\\mor.v.js', 'C:/Users/zhiha/OneDrive/Desktop/auto-testing/miniapp_data/top50_data_copy\\wxece3a9a4c82f58c9_饿了么\\vouchers\\mor.v.js']
