
Surveying miniprogram wxfdcee92a299bcaf1_腾讯公益


Step 1: check config existence and modify config so that url can be processed unchecked

Step 2: Eliminate all missing pages

In total, there are 1 complete pages and 0 missing pages
{'exist': [], 'miss': []}
unable to find subPackage subPackages/components/. reducing from app.json
{'exist': [], 'miss': []}
unable to find subPackage subPackages/nav_components/. reducing from app.json
{'exist': [], 'miss': []}
unable to find subPackage subPackages/pages/. reducing from app.json
{'exist': ['main', 'shake_detail/main', 'shake_record/main', 'travel/main'], 'miss': []}
{'exist': ['main'], 'miss': []}
{'exist': ['list/main', 'card/main'], 'miss': []}
{'exist': ['main'], 'miss': []}
{'exist': ['main'], 'miss': []}
{'exist': [], 'miss': ['main']}
unable to find subPackage pages/web_address_picker/. reducing from app.json
{'exist': [], 'miss': ['main']}
unable to find subPackage pages/web_invoice_picker/. reducing from app.json
{'exist': [], 'miss': ['main']}
unable to find subPackage pages/pay_fund/. reducing from app.json
{'exist': ['main'], 'miss': []}
{'exist': [], 'miss': ['main']}
unable to find subPackage pages/my_donate_bak/. reducing from app.json
{'exist': ['main', 'cate/main'], 'miss': []}
{'exist': [], 'miss': ['login']}
unable to find subPackage nav_pages/login/. reducing from app.json
{'exist': [], 'miss': ['index']}
unable to find subPackage nav_pages/webview/. reducing from app.json
{'exist': ['main'], 'miss': []}
{'exist': [], 'miss': ['gopay']}
unable to find subPackage pages/gopay/. reducing from app.json
{'exist': [], 'miss': ['main']}
unable to find subPackage pages/miniprogram/. reducing from app.json
{'exist': ['index'], 'miss': []}
{'exist': [], 'miss': ['index']}
unable to find subPackage nav_pages/cap/. reducing from app.json
{'exist': [], 'miss': ['friend', 'makeup', 'singlesubscribe']}
unable to find subPackage nav_pages/user_center/. reducing from app.json
{'exist': [], 'miss': ['subscribe']}
unable to find subPackage nav_pages/daycontest/. reducing from app.json
{'exist': [], 'miss': ['index', 'month', 'gallery']}
unable to find subPackage nav_pages/wxstatus/. reducing from app.json
{'exist': [], 'miss': ['index']}
unable to find subPackage nav_pages/qrcode/. reducing from app.json
{'exist': [], 'miss': ['main']}
unable to find subPackage pages/ycode/. reducing from app.json
{'exist': ['main'], 'miss': []}
{'exist': ['main'], 'miss': []}
{'exist': [], 'miss': ['main']}
unable to find subPackage nav_pages/proto_detail/. reducing from app.json
{'exist': ['detail/main', 'team/main', 'dynamic/main'], 'miss': []}
{'exist': [], 'miss': ['index']}
unable to find subPackage nav_pages/colorful_egg/. reducing from app.json
{'exist': ['index'], 'miss': []}
{'exist': [], 'miss': ['index']}
unable to find subPackage nav_pages/homelist/. reducing from app.json
{'exist': [], 'miss': ['index']}
unable to find subPackage nav_pages/special/. reducing from app.json
{'exist': [], 'miss': ['index']}
unable to find subPackage nav_pages/protocal/. reducing from app.json
{'exist': ['index'], 'miss': []}
{'exist': [], 'miss': ['main']}
unable to find subPackage pages/protocol/. reducing from app.json
{'exist': [], 'miss': ['once', '1v1', 'koi']}
unable to find subPackage nav_pages/pay/. reducing from app.json
{'exist': [], 'miss': ['index']}
unable to find subPackage nav_pages/assist/. reducing from app.json
{'exist': [], 'miss': ['index', 'pay']}
unable to find subPackage nav_pages/thirdpayv2/. reducing from app.json
{'exist': [], 'miss': ['index', 'pay']}
unable to find subPackage nav_pages/thirdnewpay/. reducing from app.json
{'exist': [], 'miss': ['index']}
unable to find subPackage nav_pages/thirdpay/. reducing from app.json
{'exist': [], 'miss': ['main']}
unable to find subPackage pages/scene/. reducing from app.json
{'exist': [], 'miss': ['main']}
unable to find subPackage pages/coorperate/. reducing from app.json
{'exist': [], 'miss': ['main']}
unable to find subPackage pages/edit_storage/. reducing from app.json
{'exist': [], 'miss': ['main']}
unable to find subPackage nav_pages/match_detail/. reducing from app.json
{'exist': [], 'miss': ['yqjDetail/main', 'yqjMain/main', 'yqjTeam/main', 'yqjThanks/main', 'yqjTeamMore/main', 'yqjCenter/main']}
unable to find subPackage pages/yqj/. reducing from app.json
{'exist': [], 'miss': ['main']}
unable to find subPackage pages/thanks2099/. reducing from app.json
{'exist': [], 'miss': ['index', 'user', 'yqj']}
unable to find subPackage nav_pages/99flower/. reducing from app.json
{'exist': ['main', 'comments/main'], 'miss': []}
{'exist': ['main'], 'miss': []}
{'exist': [], 'miss': ['main']}
unable to find subPackage pages/index_search/. reducing from app.json
{'exist': [], 'miss': ['main']}
unable to find subPackage pages/dblove/. reducing from app.json
{'exist': [], 'miss': ['main']}
unable to find subPackage pages/my_gifts/. reducing from app.json
{'exist': [], 'miss': ['process/main', 'report/main', 'report_list/main', 'proj_news/main', 'concrete_list/main']}
unable to find subPackage pages/report_process/. reducing from app.json
{'exist': [], 'miss': ['index/index', 'starblessword/index', 'select/index', 'blesssky/index', 'input/index', 'mybless/index', 'success/index', 'login/login', 'flybless/index', 'blesssky_v2/index']}
unable to find subPackage nav_pages/bless/. reducing from app.json
{'exist': [], 'miss': ['list/index', 'detail/index', 'select/index', 'donate/index', 'thank/index']}
unable to find subPackage nav_pages/1v1/. reducing from app.json
{'exist': [], 'miss': ['index', 'detail']}
unable to find subPackage nav_pages/yqyj/. reducing from app.json
{'exist': [], 'miss': ['index', 'result/index']}
unable to find subPackage nav_pages/koi/. reducing from app.json
{'exist': [], 'miss': ['index', 'pay', 'cover']}
unable to find subPackage nav_pages/tabloid/. reducing from app.json
{'exist': [], 'miss': ['index']}
unable to find subPackage nav_pages/solitaire/. reducing from app.json
{'exist': [], 'miss': ['detailprocess/index', 'reportdetail/index', 'about/index']}
unable to find subPackage nav_pages/weixin/. reducing from app.json
{'exist': [], 'miss': ['index', 'detail']}
unable to find subPackage nav_pages/opacity/. reducing from app.json
{'exist': [], 'miss': ['index']}
unable to find subPackage nav_pages/my_month/. reducing from app.json
{'exist': [], 'miss': ['main']}
unable to find subPackage pages/my_donate/. reducing from app.json
{'exist': [], 'miss': ['cover/main']}
unable to find subPackage pages/red_package/. reducing from app.json
{'exist': [], 'miss': ['main']}
unable to find subPackage pages/brand/. reducing from app.json
{'exist': [], 'miss': ['main']}
unable to find subPackage pages/cogift_detail/. reducing from app.json
{'exist': [], 'miss': ['main']}
unable to find subPackage pages/child_list/. reducing from app.json
{'exist': ['index/main', 'order/main', 'grant/main', 'get-flowers/main', 'volunteer/main', 'send-flowers/poster/main', 'dream/subscribe/main', 'activity/main'], 'miss': ['__plugin__/wx614fc54151de9389/pages/index/index']}
{'exist': [], 'miss': ['subscribe', 'continuesubscribe', 'singlesubscribe', 'external']}
unable to find subPackage nav_pages/getflowers/. reducing from app.json
{'exist': [], 'miss': ['pay/main', 'sign/main', 'address/main', 'open/main', 'open_v2/main']}
unable to find subPackage pages/month_v2/. reducing from app.json
{'exist': [], 'miss': ['detail/main', 'record/main']}
unable to find subPackage nav_pages/month_v2/. reducing from app.json
{'exist': [], 'miss': ['select/index', 'poster/index', 'sky/index']}
unable to find subPackage nav_pages/bless_2021/. reducing from app.json
{'exist': [], 'miss': ['main']}
unable to find subPackage pages/auths/. reducing from app.json
{'exist': [], 'miss': ['main']}
unable to find subPackage pages/auths_page/. reducing from app.json
{'exist': [], 'miss': ['main']}
unable to find subPackage pages/auths_login_page/. reducing from app.json
{'exist': [], 'miss': ['index']}
unable to find subPackage nav_pages/act_venue/. reducing from app.json
{'exist': [], 'miss': ['subscribe']}
unable to find subPackage nav_pages/feedback/. reducing from app.json
{'exist': [], 'miss': ['main', 'medal', 'event']}
unable to find subPackage nav_pages/channels/. reducing from app.json
{'exist': [], 'miss': ['subscribe']}
unable to find subPackage nav_pages/report_process/. reducing from app.json
{'exist': [], 'miss': ['main']}
unable to find subPackage nav_pages/navigate_mini/. reducing from app.json
{'exist': [], 'miss': ['main']}
unable to find subPackage pages/assistdy/. reducing from app.json
{'exist': [], 'miss': ['share', 'singlesubscribe']}
unable to find subPackage nav_pages/contest/. reducing from app.json
{'exist': [], 'miss': ['main']}
unable to find subPackage pages/go_youzan/. reducing from app.json
{'exist': [], 'miss': ['main']}
unable to find subPackage pages/go_fenfen/. reducing from app.json
{'exist': [], 'miss': ['main']}
unable to find subPackage pages/2023_invitation/. reducing from app.json
{'exist': [], 'miss': ['detail/main', 'thanks/main', 'process/main']}
unable to find subPackage pages/easy/. reducing from app.json
there are a total of 88 subPackages, of which 71 do not have corresponding files, and 17 has

Step 3: Check all inclusion of plugins in js scripts

found plugins: {'txVideo': {'version': '2.4.15', 'provider': 'wxa75efa648b60994b', 'subpackage': '__APP__'}, 'tCaptcha': {'version': '1.0.4', 'provider': 'wxb302e0fc8ab232b4', 'subpackage': '/pages/flower-integral/'}, 'govIdVerification': {'version': 'latest', 'provider': 'wx614fc54151de9389', 'subpackage': '/pages/flower-integral/'}}
checking for pattern re.compile('requirePlugin')
finding plugin pattern re.compile('requirePlugin') in C:/Users/zhiha/OneDrive/Desktop/bella-auto-testing/miniapp_data/last25_data_copy\wxfdcee92a299bcaf1_腾讯公益\pages\99\main.js
finding plugin pattern re.compile('requirePlugin') in C:/Users/zhiha/OneDrive/Desktop/bella-auto-testing/miniapp_data/last25_data_copy\wxfdcee92a299bcaf1_腾讯公益\pages\detail\main.js
finding plugin pattern re.compile('requirePlugin') in C:/Users/zhiha/OneDrive/Desktop/bella-auto-testing/miniapp_data/last25_data_copy\wxfdcee92a299bcaf1_腾讯公益\pages\flower-integral\volunteer\main.js
finding plugin pattern re.compile('requirePlugin') in C:/Users/zhiha/OneDrive/Desktop/bella-auto-testing/miniapp_data/last25_data_copy\wxfdcee92a299bcaf1_腾讯公益\pages\index\main.js
found instances of plugin in files ['C:/Users/zhiha/OneDrive/Desktop/bella-auto-testing/miniapp_data/last25_data_copy\\wxfdcee92a299bcaf1_腾讯公益\\pages\\99\\main.js', 'C:/Users/zhiha/OneDrive/Desktop/bella-auto-testing/miniapp_data/last25_data_copy\\wxfdcee92a299bcaf1_腾讯公益\\pages\\detail\\main.js', 'C:/Users/zhiha/OneDrive/Desktop/bella-auto-testing/miniapp_data/last25_data_copy\\wxfdcee92a299bcaf1_腾讯公益\\pages\\flower-integral\\volunteer\\main.js', 'C:/Users/zhiha/OneDrive/Desktop/bella-auto-testing/miniapp_data/last25_data_copy\\wxfdcee92a299bcaf1_腾讯公益\\pages\\index\\main.js']
